[5.010s] DEBUG:colcon:Command line arguments: ['/home/shikur_orin/.local/bin/colcon', 'build', '--packages-select', 'qr_navigation_2']
[5.010s] DEBUG:colcon:Parsed command line arguments: Namespace(allow_overriding=[], ament_cmake_args=None, base_paths=['.'], build_base='build', catkin_cmake_args=None, catkin_skip_building_tests=False, cmake_args=None, cmake_clean_cache=False, cmake_clean_first=False, cmake_force_configure=False, cmake_target=None, cmake_target_skip_unavailable=False, continue_on_error=False, event_handlers=None, executor='parallel', ignore_user_meta=False, install_base='install', log_base=None, log_level=None, main=<bound method BuildVerb.main of <colcon_core.verb.build.BuildVerb object at 0xffff9b369cd0>>, merge_install=False, metas=['./colcon.meta'], packages_above=None, packages_above_and_dependencies=None, packages_above_depth=None, packages_end=None, packages_ignore=None, packages_ignore_regex=None, packages_select=['qr_navigation_2'], packages_select_build_failed=False, packages_select_by_dep=None, packages_select_regex=None, packages_select_test_failures=False, packages_skip=None, packages_skip_build_finished=False, packages_skip_by_dep=None, packages_skip_regex=None, packages_skip_test_passed=False, packages_skip_up_to=None, packages_start=None, packages_up_to=None, packages_up_to_regex=None, parallel_workers=6, paths=None, symlink_install=False, test_result_base=None, verb_extension=<colcon_core.verb.build.BuildVerb object at 0xffff9b369cd0>, verb_name='build', verb_parser=<colcon_defaults.argument_parser.defaults.DefaultArgumentsDecorator object at 0xffff9b1ff130>)
[5.095s] ERROR:colcon.colcon_core.extension_point:Entry point 'colcon_core.package_identification.ignore' is declared multiple times, 'colcon_core.package_identification.ignore:IgnorePackageIdentification' overwriting 'colcon_core.package_identification.ignore:IgnorePackageIdentification'
[5.095s] ERROR:colcon.colcon_core.extension_point:Entry point 'colcon_core.package_identification.python' is declared multiple times, 'colcon_core.package_identification.python:PythonPackageIdentification' overwriting 'colcon_core.package_identification.python:PythonPackageIdentification'
[5.095s] ERROR:colcon.colcon_core.extension_point:Entry point 'colcon_core.package_identification.cmake' is declared multiple times, 'colcon_cmake.package_identification.cmake:CmakePackageIdentification' overwriting 'colcon_cmake.package_identification.cmake:CmakePackageIdentification'
[5.095s] ERROR:colcon.colcon_core.extension_point:Entry point 'colcon_core.package_identification.python_setup_py' is declared multiple times, 'colcon_python_setup_py.package_identification.python_setup_py:PythonPackageIdentification' overwriting 'colcon_python_setup_py.package_identification.python_setup_py:PythonPackageIdentification'
[5.095s] ERROR:colcon.colcon_core.extension_point:Entry point 'colcon_core.package_identification.ignore_ament_install' is declared multiple times, 'colcon_ros.package_identification.ignore:IgnorePackageIdentification' overwriting 'colcon_ros.package_identification.ignore:IgnorePackageIdentification'
[5.095s] ERROR:colcon.colcon_core.extension_point:Entry point 'colcon_core.package_identification.ros' is declared multiple times, 'colcon_ros.package_identification.ros:RosPackageIdentification' overwriting 'colcon_ros.package_identification.ros:RosPackageIdentification'
[5.095s] ERROR:colcon.colcon_core.extension_point:Entry point 'colcon_core.package_identification.colcon_meta' is declared multiple times, 'colcon_metadata.metadata.colcon_meta:ColconMetadataPackageIdentification' overwriting 'colcon_metadata.metadata.colcon_meta:ColconMetadataPackageIdentification'
[5.096s] ERROR:colcon.colcon_core.extension_point:Entry point 'colcon_core.package_identification.colcon_pkg' is declared multiple times, 'colcon_metadata.metadata.colcon_pkg:ColconPkgPackageIdentification' overwriting 'colcon_metadata.metadata.colcon_pkg:ColconPkgPackageIdentification'
[5.225s] ERROR:colcon.colcon_core.extension_point:Entry point 'colcon_core.package_discovery.ignore' is declared multiple times, 'colcon_package_selection.package_discovery.ignore:IgnorePackageDiscovery' overwriting 'colcon_package_selection.package_discovery.ignore:IgnorePackageDiscovery'
[5.225s] ERROR:colcon.colcon_core.extension_point:Entry point 'colcon_core.package_discovery.path' is declared multiple times, 'colcon_core.package_discovery.path:PathPackageDiscovery' overwriting 'colcon_core.package_discovery.path:PathPackageDiscovery'
[5.225s] ERROR:colcon.colcon_core.extension_point:Entry point 'colcon_core.package_discovery.recursive' is declared multiple times, 'colcon_recursive_crawl.package_discovery.recursive_crawl:RecursiveDiscoveryExtension' overwriting 'colcon_recursive_crawl.package_discovery.recursive_crawl:RecursiveDiscoveryExtension'
[5.225s] ERROR:colcon.colcon_core.extension_point:Entry point 'colcon_core.package_discovery.colcon_meta' is declared multiple times, 'colcon_metadata.package_discovery.colcon_meta:ColconMetadataDiscovery' overwriting 'colcon_metadata.package_discovery.colcon_meta:ColconMetadataDiscovery'
[5.226s] Level 1:colcon.colcon_core.package_discovery:discover_packages(colcon_meta) check parameters
[5.226s] Level 1:colcon.colcon_core.package_discovery:discover_packages(recursive) check parameters
[5.226s] Level 1:colcon.colcon_core.package_discovery:discover_packages(ignore) check parameters
[5.226s] Level 1:colcon.colcon_core.package_discovery:discover_packages(path) check parameters
[5.226s] Level 1:colcon.colcon_core.package_discovery:discover_packages(colcon_meta) discover
[5.226s] Level 1:colcon.colcon_core.package_discovery:discover_packages(recursive) discover
[5.226s] INFO:colcon.colcon_core.package_discovery:Crawling recursively for packages in '/home/shikur_orin/ros2_ws/src/qr_navigation_2'
[5.227s] Level 1:colcon.colcon_core.package_identification:_identify(.) by extensions ['ignore', 'ignore_ament_install']
[5.227s] Level 1:colcon.colcon_core.package_identification:_identify(.) by extension 'ignore'
[5.227s] Level 1:colcon.colcon_core.package_identification:_identify(.) by extension 'ignore_ament_install'
[5.227s] Level 1:colcon.colcon_core.package_identification:_identify(.) by extensions ['colcon_pkg']
[5.227s] Level 1:colcon.colcon_core.package_identification:_identify(.) by extension 'colcon_pkg'
[5.227s] Level 1:colcon.colcon_core.package_identification:_identify(.) by extensions ['colcon_meta']
[5.227s] Level 1:colcon.colcon_core.package_identification:_identify(.) by extension 'colcon_meta'
[5.227s] Level 1:colcon.colcon_core.package_identification:_identify(.) by extensions ['ros']
[5.228s] Level 1:colcon.colcon_core.package_identification:_identify(.) by extension 'ros'
[5.256s] DEBUG:colcon.colcon_core.package_identification:Package '.' with type 'ros.ament_python' and name 'qr_navigation_2'
[5.256s] Level 1:colcon.colcon_core.package_discovery:discover_packages(recursive) using defaults
[5.256s] Level 1:colcon.colcon_core.package_discovery:discover_packages(ignore) discover
[5.256s] Level 1:colcon.colcon_core.package_discovery:discover_packages(ignore) using defaults
[5.256s] Level 1:colcon.colcon_core.package_discovery:discover_packages(path) discover
[5.257s] Level 1:colcon.colcon_core.package_discovery:discover_packages(path) using defaults
[5.370s] ERROR:colcon.colcon_core.extension_point:Entry point 'colcon_core.package_selection.dependencies' is declared multiple times, 'colcon_package_selection.package_selection.dependencies:DependenciesPackageSelection' overwriting 'colcon_package_selection.package_selection.dependencies:DependenciesPackageSelection'
[5.371s] ERROR:colcon.colcon_core.extension_point:Entry point 'colcon_core.package_selection.previous' is declared multiple times, 'colcon_package_selection.package_selection.previous.package_selection:PreviousPackageSelectionExtension' overwriting 'colcon_package_selection.package_selection.previous.package_selection:PreviousPackageSelectionExtension'
[5.371s] ERROR:colcon.colcon_core.extension_point:Entry point 'colcon_core.package_selection.select_skip' is declared multiple times, 'colcon_package_selection.package_selection.select_skip:SelectSkipPackageSelectionExtension' overwriting 'colcon_package_selection.package_selection.select_skip:SelectSkipPackageSelectionExtension'
[5.371s] ERROR:colcon.colcon_core.extension_point:Entry point 'colcon_core.package_selection.start_end' is declared multiple times, 'colcon_package_selection.package_selection.start_end:StartEndPackageSelection' overwriting 'colcon_package_selection.package_selection.start_end:StartEndPackageSelection'
[5.455s] ERROR:colcon.colcon_core.extension_point:Entry point 'colcon_core.package_augmentation.ignore' is declared multiple times, 'colcon_package_selection.package_discovery.ignore:IgnorePackageDiscovery' overwriting 'colcon_package_selection.package_discovery.ignore:IgnorePackageDiscovery'
[5.456s] ERROR:colcon.colcon_core.extension_point:Entry point 'colcon_core.package_augmentation.python' is declared multiple times, 'colcon_core.package_augmentation.python:PythonPackageAugmentation' overwriting 'colcon_core.package_augmentation.python:PythonPackageAugmentation'
[5.456s] ERROR:colcon.colcon_core.extension_point:Entry point 'colcon_core.package_augmentation.check_dependency_constraint' is declared multiple times, 'colcon_package_information.package_augmentation.check_dependency_constraint:CheckDependencyConstraintPackageAugmentation' overwriting 'colcon_package_information.package_augmentation.check_dependency_constraint:CheckDependencyConstraintPackageAugmentation'
[5.456s] ERROR:colcon.colcon_core.extension_point:Entry point 'colcon_core.package_augmentation.python_setup_py' is declared multiple times, 'colcon_python_setup_py.package_augmentation.python_setup_py:PythonPackageAugmentation' overwriting 'colcon_python_setup_py.package_augmentation.python_setup_py:PythonPackageAugmentation'
[5.456s] ERROR:colcon.colcon_core.extension_point:Entry point 'colcon_core.package_augmentation.ros' is declared multiple times, 'colcon_ros.package_identification.ros:RosPackageIdentification' overwriting 'colcon_ros.package_identification.ros:RosPackageIdentification'
[5.456s] ERROR:colcon.colcon_core.extension_point:Entry point 'colcon_core.package_augmentation.ros_ament_python' is declared multiple times, 'colcon_ros.package_augmentation.ros_ament_python:RosAmentPythonPackageAugmentation' overwriting 'colcon_ros.package_augmentation.ros_ament_python:RosAmentPythonPackageAugmentation'
[5.456s] ERROR:colcon.colcon_core.extension_point:Entry point 'colcon_core.package_augmentation.colcon_meta' is declared multiple times, 'colcon_metadata.metadata.colcon_meta:ColconMetadataPackageIdentification' overwriting 'colcon_metadata.metadata.colcon_meta:ColconMetadataPackageIdentification'
[5.456s] ERROR:colcon.colcon_core.extension_point:Entry point 'colcon_core.package_augmentation.colcon_pkg' is declared multiple times, 'colcon_metadata.metadata.colcon_pkg:ColconPkgPackageIdentification' overwriting 'colcon_metadata.metadata.colcon_pkg:ColconPkgPackageIdentification'
[5.574s] ERROR:colcon.colcon_core.extension_point:Entry point 'colcon_core.package_selection.dependencies' is declared multiple times, 'colcon_package_selection.package_selection.dependencies:DependenciesPackageSelection' overwriting 'colcon_package_selection.package_selection.dependencies:DependenciesPackageSelection'
[5.574s] ERROR:colcon.colcon_core.extension_point:Entry point 'colcon_core.package_selection.previous' is declared multiple times, 'colcon_package_selection.package_selection.previous.package_selection:PreviousPackageSelectionExtension' overwriting 'colcon_package_selection.package_selection.previous.package_selection:PreviousPackageSelectionExtension'
[5.574s] ERROR:colcon.colcon_core.extension_point:Entry point 'colcon_core.package_selection.select_skip' is declared multiple times, 'colcon_package_selection.package_selection.select_skip:SelectSkipPackageSelectionExtension' overwriting 'colcon_package_selection.package_selection.select_skip:SelectSkipPackageSelectionExtension'
[5.575s] ERROR:colcon.colcon_core.extension_point:Entry point 'colcon_core.package_selection.start_end' is declared multiple times, 'colcon_package_selection.package_selection.start_end:StartEndPackageSelection' overwriting 'colcon_package_selection.package_selection.start_end:StartEndPackageSelection'
[5.748s] Level 1:colcon.colcon_core.package_discovery:discover_packages(prefix_path) check parameters
[5.748s] Level 1:colcon.colcon_core.package_discovery:discover_packages(prefix_path) discover
[5.832s] ERROR:colcon.colcon_core.extension_point:Entry point 'colcon_core.prefix_path.colcon' is declared multiple times, 'colcon_core.prefix_path.colcon:ColconPrefixPath' overwriting 'colcon_core.prefix_path.colcon:ColconPrefixPath'
[5.833s] ERROR:colcon.colcon_core.extension_point:Entry point 'colcon_core.prefix_path.ament' is declared multiple times, 'colcon_ros.prefix_path.ament:AmentPrefixPath' overwriting 'colcon_ros.prefix_path.ament:AmentPrefixPath'
[5.833s] ERROR:colcon.colcon_core.extension_point:Entry point 'colcon_core.prefix_path.catkin' is declared multiple times, 'colcon_ros.prefix_path.catkin:CmakePrefixPath' overwriting 'colcon_ros.prefix_path.catkin:CmakePrefixPath'
[5.921s] ERROR:colcon.colcon_core.extension_point:Entry point 'colcon_core.shell.find_installed_packages.colcon_isolated' is declared multiple times, 'colcon_core.shell.installed_packages:IsolatedInstalledPackageFinder' overwriting 'colcon_core.shell.installed_packages:IsolatedInstalledPackageFinder'
[5.921s] ERROR:colcon.colcon_core.extension_point:Entry point 'colcon_core.shell.find_installed_packages.colcon_merged' is declared multiple times, 'colcon_core.shell.installed_packages:MergedInstalledPackageFinder' overwriting 'colcon_core.shell.installed_packages:MergedInstalledPackageFinder'
[5.921s] ERROR:colcon.colcon_core.extension_point:Entry point 'colcon_core.shell.find_installed_packages.ament' is declared multiple times, 'colcon_ros.installed_packages:AmentInstalledPackageFinder' overwriting 'colcon_ros.installed_packages:AmentInstalledPackageFinder'
[5.923s] DEBUG:colcon.colcon_installed_package_information.package_discovery:Found 1 installed packages in /home/shikur_orin/ros2_ws/src/qr_navigation_2/install
[6.007s] ERROR:colcon.colcon_core.extension_point:Entry point 'colcon_core.shell.find_installed_packages.colcon_isolated' is declared multiple times, 'colcon_core.shell.installed_packages:IsolatedInstalledPackageFinder' overwriting 'colcon_core.shell.installed_packages:IsolatedInstalledPackageFinder'
[6.007s] ERROR:colcon.colcon_core.extension_point:Entry point 'colcon_core.shell.find_installed_packages.colcon_merged' is declared multiple times, 'colcon_core.shell.installed_packages:MergedInstalledPackageFinder' overwriting 'colcon_core.shell.installed_packages:MergedInstalledPackageFinder'
[6.007s] ERROR:colcon.colcon_core.extension_point:Entry point 'colcon_core.shell.find_installed_packages.ament' is declared multiple times, 'colcon_ros.installed_packages:AmentInstalledPackageFinder' overwriting 'colcon_ros.installed_packages:AmentInstalledPackageFinder'
[6.009s] DEBUG:colcon.colcon_installed_package_information.package_discovery:Found 20 installed packages in /home/shikur_orin/ros2_ws/install
[6.094s] ERROR:colcon.colcon_core.extension_point:Entry point 'colcon_core.shell.find_installed_packages.colcon_isolated' is declared multiple times, 'colcon_core.shell.installed_packages:IsolatedInstalledPackageFinder' overwriting 'colcon_core.shell.installed_packages:IsolatedInstalledPackageFinder'
[6.094s] ERROR:colcon.colcon_core.extension_point:Entry point 'colcon_core.shell.find_installed_packages.colcon_merged' is declared multiple times, 'colcon_core.shell.installed_packages:MergedInstalledPackageFinder' overwriting 'colcon_core.shell.installed_packages:MergedInstalledPackageFinder'
[6.094s] ERROR:colcon.colcon_core.extension_point:Entry point 'colcon_core.shell.find_installed_packages.ament' is declared multiple times, 'colcon_ros.installed_packages:AmentInstalledPackageFinder' overwriting 'colcon_ros.installed_packages:AmentInstalledPackageFinder'
[6.097s] DEBUG:colcon.colcon_installed_package_information.package_discovery:Found 262 installed packages in /opt/ros/foxy
[6.099s] Level 1:colcon.colcon_core.package_discovery:discover_packages(prefix_path) using defaults
[6.182s] ERROR:colcon.colcon_core.extension_point:Entry point 'colcon_installed_package_information.package_augmentation.ros_ament_index' is declared multiple times, 'colcon_ros.package_augmentation.ros_ament_index:RosAmentIndexPackageAugmentation' overwriting 'colcon_ros.package_augmentation.ros_ament_index:RosAmentIndexPackageAugmentation'
[6.445s] ERROR:colcon.colcon_core.extension_point:Entry point 'colcon_core.task.build.python' is declared multiple times, 'colcon_core.task.python.build:PythonBuildTask' overwriting 'colcon_core.task.python.build:PythonBuildTask'
[6.445s] ERROR:colcon.colcon_core.extension_point:Entry point 'colcon_core.task.build.cmake' is declared multiple times, 'colcon_cmake.task.cmake.build:CmakeBuildTask' overwriting 'colcon_cmake.task.cmake.build:CmakeBuildTask'
[6.445s] ERROR:colcon.colcon_core.extension_point:Entry point 'colcon_core.task.build.ros.ament_cmake' is declared multiple times, 'colcon_ros.task.ament_cmake.build:AmentCmakeBuildTask' overwriting 'colcon_ros.task.ament_cmake.build:AmentCmakeBuildTask'
[6.445s] ERROR:colcon.colcon_core.extension_point:Entry point 'colcon_core.task.build.ros.ament_python' is declared multiple times, 'colcon_ros.task.ament_python.build:AmentPythonBuildTask' overwriting 'colcon_ros.task.ament_python.build:AmentPythonBuildTask'
[6.445s] ERROR:colcon.colcon_core.extension_point:Entry point 'colcon_core.task.build.ros.catkin' is declared multiple times, 'colcon_ros.task.catkin.build:CatkinBuildTask' overwriting 'colcon_ros.task.catkin.build:CatkinBuildTask'
[6.445s] ERROR:colcon.colcon_core.extension_point:Entry point 'colcon_core.task.build.ros.cmake' is declared multiple times, 'colcon_ros.task.cmake.build:CmakeBuildTask' overwriting 'colcon_ros.task.cmake.build:CmakeBuildTask'
[6.446s] Level 5:colcon.colcon_core.verb:set package 'qr_navigation_2' build argument 'cmake_args' from command line to 'None'
[6.446s] Level 5:colcon.colcon_core.verb:set package 'qr_navigation_2' build argument 'cmake_target' from command line to 'None'
[6.447s] Level 5:colcon.colcon_core.verb:set package 'qr_navigation_2' build argument 'cmake_target_skip_unavailable' from command line to 'False'
[6.447s] Level 5:colcon.colcon_core.verb:set package 'qr_navigation_2' build argument 'cmake_clean_cache' from command line to 'False'
[6.447s] Level 5:colcon.colcon_core.verb:set package 'qr_navigation_2' build argument 'cmake_clean_first' from command line to 'False'
[6.447s] Level 5:colcon.colcon_core.verb:set package 'qr_navigation_2' build argument 'cmake_force_configure' from command line to 'False'
[6.447s] Level 5:colcon.colcon_core.verb:set package 'qr_navigation_2' build argument 'ament_cmake_args' from command line to 'None'
[6.447s] Level 5:colcon.colcon_core.verb:set package 'qr_navigation_2' build argument 'catkin_cmake_args' from command line to 'None'
[6.447s] Level 5:colcon.colcon_core.verb:set package 'qr_navigation_2' build argument 'catkin_skip_building_tests' from command line to 'False'
[6.447s] DEBUG:colcon.colcon_core.verb:Building package 'qr_navigation_2' with the following arguments: {'ament_cmake_args': None, 'build_base': '/home/shikur_orin/ros2_ws/src/qr_navigation_2/build/qr_navigation_2', 'catkin_cmake_args': None, 'catkin_skip_building_tests': False, 'cmake_args': None, 'cmake_clean_cache': False, 'cmake_clean_first': False, 'cmake_force_configure': False, 'cmake_target': None, 'cmake_target_skip_unavailable': False, 'install_base': '/home/shikur_orin/ros2_ws/src/qr_navigation_2/install/qr_navigation_2', 'merge_install': False, 'path': '/home/shikur_orin/ros2_ws/src/qr_navigation_2', 'symlink_install': False, 'test_result_base': None}
[6.530s] ERROR:colcon.colcon_core.extension_point:Entry point 'colcon_core.executor.parallel' is declared multiple times, 'colcon_parallel_executor.executor.parallel:ParallelExecutorExtension' overwriting 'colcon_parallel_executor.executor.parallel:ParallelExecutorExtension'
[6.530s] ERROR:colcon.colcon_core.extension_point:Entry point 'colcon_core.executor.sequential' is declared multiple times, 'colcon_core.executor.sequential:SequentialExecutor' overwriting 'colcon_core.executor.sequential:SequentialExecutor'
[6.531s] INFO:colcon.colcon_core.executor:Executing jobs using 'parallel' executor
[6.615s] ERROR:colcon.colcon_core.extension_point:Entry point 'colcon_core.event_handler.store_result' is declared multiple times, 'colcon_package_selection.package_selection.previous.event_handler:StoreResultEventHandler' overwriting 'colcon_package_selection.package_selection.previous.event_handler:StoreResultEventHandler'
[6.615s] ERROR:colcon.colcon_core.extension_point:Entry point 'colcon_core.event_handler.desktop_notification' is declared multiple times, 'colcon_notification.event_handler.desktop_notification:DesktopNotificationEventHandler' overwriting 'colcon_notification.event_handler.desktop_notification:DesktopNotificationEventHandler'
[6.616s] ERROR:colcon.colcon_core.extension_point:Entry point 'colcon_core.event_handler.status' is declared multiple times, 'colcon_notification.event_handler.status:StatusEventHandler' overwriting 'colcon_notification.event_handler.status:StatusEventHandler'
[6.616s] ERROR:colcon.colcon_core.extension_point:Entry point 'colcon_core.event_handler.terminal_title' is declared multiple times, 'colcon_notification.event_handler.terminal_title:TerminalTitleEventHandler' overwriting 'colcon_notification.event_handler.terminal_title:TerminalTitleEventHandler'
[6.616s] ERROR:colcon.colcon_core.extension_point:Entry point 'colcon_core.event_handler.console_direct' is declared multiple times, 'colcon_core.event_handler.console_direct:ConsoleDirectEventHandler' overwriting 'colcon_core.event_handler.console_direct:ConsoleDirectEventHandler'
[6.616s] ERROR:colcon.colcon_core.extension_point:Entry point 'colcon_core.event_handler.console_start_end' is declared multiple times, 'colcon_core.event_handler.console_start_end:ConsoleStartEndEventHandler' overwriting 'colcon_core.event_handler.console_start_end:ConsoleStartEndEventHandler'
[6.616s] ERROR:colcon.colcon_core.extension_point:Entry point 'colcon_core.event_handler.log_command' is declared multiple times, 'colcon_core.event_handler.log_command:LogCommandEventHandler' overwriting 'colcon_core.event_handler.log_command:LogCommandEventHandler'
[6.616s] ERROR:colcon.colcon_core.extension_point:Entry point 'colcon_core.event_handler.compile_commands' is declared multiple times, 'colcon_cmake.event_handler.compile_commands:CompileCommandsEventHandler' overwriting 'colcon_cmake.event_handler.compile_commands:CompileCommandsEventHandler'
[6.616s] ERROR:colcon.colcon_core.extension_point:Entry point 'colcon_core.event_handler.console_cohesion' is declared multiple times, 'colcon_output.event_handler.console_cohesion:ConsoleCohesionEventHandler' overwriting 'colcon_output.event_handler.console_cohesion:ConsoleCohesionEventHandler'
[6.616s] ERROR:colcon.colcon_core.extension_point:Entry point 'colcon_core.event_handler.console_package_list' is declared multiple times, 'colcon_output.event_handler.console_package_list:ConsolePackageListEventHandler' overwriting 'colcon_output.event_handler.console_package_list:ConsolePackageListEventHandler'
[6.616s] ERROR:colcon.colcon_core.extension_point:Entry point 'colcon_core.event_handler.console_stderr' is declared multiple times, 'colcon_output.event_handler.console_stderr:ConsoleStderrEventHandler' overwriting 'colcon_output.event_handler.console_stderr:ConsoleStderrEventHandler'
[6.616s] ERROR:colcon.colcon_core.extension_point:Entry point 'colcon_core.event_handler.event_log' is declared multiple times, 'colcon_output.event_handler.event_log:EventLogEventHandler' overwriting 'colcon_output.event_handler.event_log:EventLogEventHandler'
[6.616s] ERROR:colcon.colcon_core.extension_point:Entry point 'colcon_core.event_handler.log' is declared multiple times, 'colcon_output.event_handler.log:LogEventHandler' overwriting 'colcon_output.event_handler.log:LogEventHandler'
[6.616s] ERROR:colcon.colcon_core.extension_point:Entry point 'colcon_core.event_handler.summary' is declared multiple times, 'colcon_output.event_handler.summary:SummaryHandler' overwriting 'colcon_output.event_handler.summary:SummaryHandler'
[6.619s] DEBUG:colcon.colcon_parallel_executor.executor.parallel:run_until_complete
[6.619s] INFO:colcon.colcon_ros.task.ament_python.build:Building ROS package in '/home/shikur_orin/ros2_ws/src/qr_navigation_2' with build type 'ament_python'
[6.620s] Level 1:colcon.colcon_core.shell:create_environment_hook('qr_navigation_2', 'ament_prefix_path')
[6.705s] ERROR:colcon.colcon_core.extension_point:Entry point 'colcon_core.shell.bat' is declared multiple times, 'colcon_core.shell.bat:BatShell' overwriting 'colcon_core.shell.bat:BatShell'
[6.706s] ERROR:colcon.colcon_core.extension_point:Entry point 'colcon_core.shell.dsv' is declared multiple times, 'colcon_core.shell.dsv:DsvShell' overwriting 'colcon_core.shell.dsv:DsvShell'
[6.706s] ERROR:colcon.colcon_core.extension_point:Entry point 'colcon_core.shell.sh' is declared multiple times, 'colcon_core.shell.sh:ShShell' overwriting 'colcon_core.shell.sh:ShShell'
[6.706s] ERROR:colcon.colcon_core.extension_point:Entry point 'colcon_core.shell.bash' is declared multiple times, 'colcon_bash.shell.bash:BashShell' overwriting 'colcon_bash.shell.bash:BashShell'
[6.706s] ERROR:colcon.colcon_core.extension_point:Entry point 'colcon_core.shell.powershell' is declared multiple times, 'colcon_powershell.shell.powershell:PowerShellExtension' overwriting 'colcon_powershell.shell.powershell:PowerShellExtension'
[6.706s] ERROR:colcon.colcon_core.extension_point:Entry point 'colcon_core.shell.zsh' is declared multiple times, 'colcon_zsh.shell.zsh:ZShell' overwriting 'colcon_zsh.shell.zsh:ZShell'
[6.710s] INFO:colcon.colcon_core.plugin_system:Skipping extension 'colcon_core.shell.bat': Not used on non-Windows systems
[6.710s] INFO:colcon.colcon_core.shell:Creating environment hook '/home/shikur_orin/ros2_ws/src/qr_navigation_2/install/qr_navigation_2/share/qr_navigation_2/hook/ament_prefix_path.ps1'
[6.712s] INFO:colcon.colcon_core.shell:Creating environment descriptor '/home/shikur_orin/ros2_ws/src/qr_navigation_2/install/qr_navigation_2/share/qr_navigation_2/hook/ament_prefix_path.dsv'
[6.713s] INFO:colcon.colcon_core.shell:Creating environment hook '/home/shikur_orin/ros2_ws/src/qr_navigation_2/install/qr_navigation_2/share/qr_navigation_2/hook/ament_prefix_path.sh'
[6.800s] ERROR:colcon.colcon_core.extension_point:Entry point 'colcon_core.shell.bat' is declared multiple times, 'colcon_core.shell.bat:BatShell' overwriting 'colcon_core.shell.bat:BatShell'
[6.800s] ERROR:colcon.colcon_core.extension_point:Entry point 'colcon_core.shell.dsv' is declared multiple times, 'colcon_core.shell.dsv:DsvShell' overwriting 'colcon_core.shell.dsv:DsvShell'
[6.800s] ERROR:colcon.colcon_core.extension_point:Entry point 'colcon_core.shell.sh' is declared multiple times, 'colcon_core.shell.sh:ShShell' overwriting 'colcon_core.shell.sh:ShShell'
[6.800s] ERROR:colcon.colcon_core.extension_point:Entry point 'colcon_core.shell.bash' is declared multiple times, 'colcon_bash.shell.bash:BashShell' overwriting 'colcon_bash.shell.bash:BashShell'
[6.800s] ERROR:colcon.colcon_core.extension_point:Entry point 'colcon_core.shell.powershell' is declared multiple times, 'colcon_powershell.shell.powershell:PowerShellExtension' overwriting 'colcon_powershell.shell.powershell:PowerShellExtension'
[6.801s] ERROR:colcon.colcon_core.extension_point:Entry point 'colcon_core.shell.zsh' is declared multiple times, 'colcon_zsh.shell.zsh:ZShell' overwriting 'colcon_zsh.shell.zsh:ZShell'
[6.801s] INFO:colcon.colcon_core.shell:Skip shell extension 'powershell' for command environment: Not usable outside of PowerShell
[6.801s] DEBUG:colcon.colcon_core.shell:Skip shell extension 'dsv' for command environment
[6.888s] ERROR:colcon.colcon_core.extension_point:Entry point 'colcon_core.prefix_path.colcon' is declared multiple times, 'colcon_core.prefix_path.colcon:ColconPrefixPath' overwriting 'colcon_core.prefix_path.colcon:ColconPrefixPath'
[6.889s] ERROR:colcon.colcon_core.extension_point:Entry point 'colcon_core.prefix_path.ament' is declared multiple times, 'colcon_ros.prefix_path.ament:AmentPrefixPath' overwriting 'colcon_ros.prefix_path.ament:AmentPrefixPath'
[6.889s] ERROR:colcon.colcon_core.extension_point:Entry point 'colcon_core.prefix_path.catkin' is declared multiple times, 'colcon_ros.prefix_path.catkin:CmakePrefixPath' overwriting 'colcon_ros.prefix_path.catkin:CmakePrefixPath'
[6.978s] ERROR:colcon.colcon_core.extension_point:Entry point 'colcon_core.shell.find_installed_packages.colcon_isolated' is declared multiple times, 'colcon_core.shell.installed_packages:IsolatedInstalledPackageFinder' overwriting 'colcon_core.shell.installed_packages:IsolatedInstalledPackageFinder'
[6.979s] ERROR:colcon.colcon_core.extension_point:Entry point 'colcon_core.shell.find_installed_packages.colcon_merged' is declared multiple times, 'colcon_core.shell.installed_packages:MergedInstalledPackageFinder' overwriting 'colcon_core.shell.installed_packages:MergedInstalledPackageFinder'
[6.979s] ERROR:colcon.colcon_core.extension_point:Entry point 'colcon_core.shell.find_installed_packages.ament' is declared multiple times, 'colcon_ros.installed_packages:AmentInstalledPackageFinder' overwriting 'colcon_ros.installed_packages:AmentInstalledPackageFinder'
[7.066s] ERROR:colcon.colcon_core.extension_point:Entry point 'colcon_core.shell.find_installed_packages.colcon_isolated' is declared multiple times, 'colcon_core.shell.installed_packages:IsolatedInstalledPackageFinder' overwriting 'colcon_core.shell.installed_packages:IsolatedInstalledPackageFinder'
[7.066s] ERROR:colcon.colcon_core.extension_point:Entry point 'colcon_core.shell.find_installed_packages.colcon_merged' is declared multiple times, 'colcon_core.shell.installed_packages:MergedInstalledPackageFinder' overwriting 'colcon_core.shell.installed_packages:MergedInstalledPackageFinder'
[7.066s] ERROR:colcon.colcon_core.extension_point:Entry point 'colcon_core.shell.find_installed_packages.ament' is declared multiple times, 'colcon_ros.installed_packages:AmentInstalledPackageFinder' overwriting 'colcon_ros.installed_packages:AmentInstalledPackageFinder'
[7.153s] ERROR:colcon.colcon_core.extension_point:Entry point 'colcon_core.shell.find_installed_packages.colcon_isolated' is declared multiple times, 'colcon_core.shell.installed_packages:IsolatedInstalledPackageFinder' overwriting 'colcon_core.shell.installed_packages:IsolatedInstalledPackageFinder'
[7.154s] ERROR:colcon.colcon_core.extension_point:Entry point 'colcon_core.shell.find_installed_packages.colcon_merged' is declared multiple times, 'colcon_core.shell.installed_packages:MergedInstalledPackageFinder' overwriting 'colcon_core.shell.installed_packages:MergedInstalledPackageFinder'
[7.154s] ERROR:colcon.colcon_core.extension_point:Entry point 'colcon_core.shell.find_installed_packages.ament' is declared multiple times, 'colcon_ros.installed_packages:AmentInstalledPackageFinder' overwriting 'colcon_ros.installed_packages:AmentInstalledPackageFinder'
[7.661s] INFO:colcon.colcon_core.task.python.build:Building Python package in '/home/shikur_orin/ros2_ws/src/qr_navigation_2'
[7.748s] ERROR:colcon.colcon_core.extension_point:Entry point 'colcon_core.shell.bat' is declared multiple times, 'colcon_core.shell.bat:BatShell' overwriting 'colcon_core.shell.bat:BatShell'
[7.749s] ERROR:colcon.colcon_core.extension_point:Entry point 'colcon_core.shell.dsv' is declared multiple times, 'colcon_core.shell.dsv:DsvShell' overwriting 'colcon_core.shell.dsv:DsvShell'
[7.749s] ERROR:colcon.colcon_core.extension_point:Entry point 'colcon_core.shell.sh' is declared multiple times, 'colcon_core.shell.sh:ShShell' overwriting 'colcon_core.shell.sh:ShShell'
[7.749s] ERROR:colcon.colcon_core.extension_point:Entry point 'colcon_core.shell.bash' is declared multiple times, 'colcon_bash.shell.bash:BashShell' overwriting 'colcon_bash.shell.bash:BashShell'
[7.749s] ERROR:colcon.colcon_core.extension_point:Entry point 'colcon_core.shell.powershell' is declared multiple times, 'colcon_powershell.shell.powershell:PowerShellExtension' overwriting 'colcon_powershell.shell.powershell:PowerShellExtension'
[7.749s] ERROR:colcon.colcon_core.extension_point:Entry point 'colcon_core.shell.zsh' is declared multiple times, 'colcon_zsh.shell.zsh:ZShell' overwriting 'colcon_zsh.shell.zsh:ZShell'
[7.750s] INFO:colcon.colcon_core.shell:Skip shell extension 'powershell' for command environment: Not usable outside of PowerShell
[7.750s] DEBUG:colcon.colcon_core.shell:Skip shell extension 'dsv' for command environment
[7.836s] ERROR:colcon.colcon_core.extension_point:Entry point 'colcon_core.prefix_path.colcon' is declared multiple times, 'colcon_core.prefix_path.colcon:ColconPrefixPath' overwriting 'colcon_core.prefix_path.colcon:ColconPrefixPath'
[7.836s] ERROR:colcon.colcon_core.extension_point:Entry point 'colcon_core.prefix_path.ament' is declared multiple times, 'colcon_ros.prefix_path.ament:AmentPrefixPath' overwriting 'colcon_ros.prefix_path.ament:AmentPrefixPath'
[7.836s] ERROR:colcon.colcon_core.extension_point:Entry point 'colcon_core.prefix_path.catkin' is declared multiple times, 'colcon_ros.prefix_path.catkin:CmakePrefixPath' overwriting 'colcon_ros.prefix_path.catkin:CmakePrefixPath'
[7.923s] ERROR:colcon.colcon_core.extension_point:Entry point 'colcon_core.shell.find_installed_packages.colcon_isolated' is declared multiple times, 'colcon_core.shell.installed_packages:IsolatedInstalledPackageFinder' overwriting 'colcon_core.shell.installed_packages:IsolatedInstalledPackageFinder'
[7.924s] ERROR:colcon.colcon_core.extension_point:Entry point 'colcon_core.shell.find_installed_packages.colcon_merged' is declared multiple times, 'colcon_core.shell.installed_packages:MergedInstalledPackageFinder' overwriting 'colcon_core.shell.installed_packages:MergedInstalledPackageFinder'
[7.924s] ERROR:colcon.colcon_core.extension_point:Entry point 'colcon_core.shell.find_installed_packages.ament' is declared multiple times, 'colcon_ros.installed_packages:AmentInstalledPackageFinder' overwriting 'colcon_ros.installed_packages:AmentInstalledPackageFinder'
[8.009s] ERROR:colcon.colcon_core.extension_point:Entry point 'colcon_core.shell.find_installed_packages.colcon_isolated' is declared multiple times, 'colcon_core.shell.installed_packages:IsolatedInstalledPackageFinder' overwriting 'colcon_core.shell.installed_packages:IsolatedInstalledPackageFinder'
[8.010s] ERROR:colcon.colcon_core.extension_point:Entry point 'colcon_core.shell.find_installed_packages.colcon_merged' is declared multiple times, 'colcon_core.shell.installed_packages:MergedInstalledPackageFinder' overwriting 'colcon_core.shell.installed_packages:MergedInstalledPackageFinder'
[8.010s] ERROR:colcon.colcon_core.extension_point:Entry point 'colcon_core.shell.find_installed_packages.ament' is declared multiple times, 'colcon_ros.installed_packages:AmentInstalledPackageFinder' overwriting 'colcon_ros.installed_packages:AmentInstalledPackageFinder'
[8.097s] ERROR:colcon.colcon_core.extension_point:Entry point 'colcon_core.shell.find_installed_packages.colcon_isolated' is declared multiple times, 'colcon_core.shell.installed_packages:IsolatedInstalledPackageFinder' overwriting 'colcon_core.shell.installed_packages:IsolatedInstalledPackageFinder'
[8.097s] ERROR:colcon.colcon_core.extension_point:Entry point 'colcon_core.shell.find_installed_packages.colcon_merged' is declared multiple times, 'colcon_core.shell.installed_packages:MergedInstalledPackageFinder' overwriting 'colcon_core.shell.installed_packages:MergedInstalledPackageFinder'
[8.097s] ERROR:colcon.colcon_core.extension_point:Entry point 'colcon_core.shell.find_installed_packages.ament' is declared multiple times, 'colcon_ros.installed_packages:AmentInstalledPackageFinder' overwriting 'colcon_ros.installed_packages:AmentInstalledPackageFinder'
[9.017s] DEBUG:colcon.colcon_core.event_handler.log_command:Invoking command in '/home/shikur_orin/ros2_ws/src/qr_navigation_2': PYTHONPATH=/home/shikur_orin/ros2_ws/src/qr_navigation_2/build/qr_navigation_2/prefix_override:/home/shikur_orin/ros2_ws/src/qr_navigation_2/install/qr_navigation_2/lib/python3.8/site-packages:${PYTHONPATH} /usr/bin/python3 setup.py egg_info --egg-base build/qr_navigation_2 build --build-base /home/shikur_orin/ros2_ws/src/qr_navigation_2/build/qr_navigation_2/build install --record /home/shikur_orin/ros2_ws/src/qr_navigation_2/build/qr_navigation_2/install.log --install-scripts $base/lib/qr_navigation_2 --single-version-externally-managed
[9.669s] DEBUG:colcon.colcon_core.event_handler.log_command:Invoked command in '/home/shikur_orin/ros2_ws/src/qr_navigation_2' returned '0': PYTHONPATH=/home/shikur_orin/ros2_ws/src/qr_navigation_2/build/qr_navigation_2/prefix_override:/home/shikur_orin/ros2_ws/src/qr_navigation_2/install/qr_navigation_2/lib/python3.8/site-packages:${PYTHONPATH} /usr/bin/python3 setup.py egg_info --egg-base build/qr_navigation_2 build --build-base /home/shikur_orin/ros2_ws/src/qr_navigation_2/build/qr_navigation_2/build install --record /home/shikur_orin/ros2_ws/src/qr_navigation_2/build/qr_navigation_2/install.log --install-scripts $base/lib/qr_navigation_2 --single-version-externally-managed
[9.776s] ERROR:colcon.colcon_core.extension_point:Entry point 'colcon_core.environment.path' is declared multiple times, 'colcon_core.environment.path:PathEnvironment' overwriting 'colcon_core.environment.path:PathEnvironment'
[9.776s] ERROR:colcon.colcon_core.extension_point:Entry point 'colcon_core.environment.pythonpath' is declared multiple times, 'colcon_core.environment.pythonpath:PythonPathEnvironment' overwriting 'colcon_core.environment.pythonpath:PythonPathEnvironment'
[9.776s] ERROR:colcon.colcon_core.extension_point:Entry point 'colcon_core.environment.pythonscriptspath' is declared multiple times, 'colcon_core.environment.path:PythonScriptsPathEnvironment' overwriting 'colcon_core.environment.path:PythonScriptsPathEnvironment'
[9.776s] ERROR:colcon.colcon_core.extension_point:Entry point 'colcon_core.environment.library_path' is declared multiple times, 'colcon_library_path.environment.library_path:LibraryPathEnvironment' overwriting 'colcon_library_path.environment.library_path:LibraryPathEnvironment'
[9.776s] ERROR:colcon.colcon_core.extension_point:Entry point 'colcon_core.environment.cmake_module_path' is declared multiple times, 'colcon_cmake.environment.cmake_module_path:CmakeModulePathEnvironment' overwriting 'colcon_cmake.environment.cmake_module_path:CmakeModulePathEnvironment'
[9.777s] ERROR:colcon.colcon_core.extension_point:Entry point 'colcon_core.environment.cmake_prefix_path' is declared multiple times, 'colcon_cmake.environment.cmake_prefix_path:CmakePrefixPathEnvironment' overwriting 'colcon_cmake.environment.cmake_prefix_path:CmakePrefixPathEnvironment'
[9.777s] ERROR:colcon.colcon_core.extension_point:Entry point 'colcon_core.environment.pkg_config' is declared multiple times, 'colcon_pkg_config.environment.pkg_config:PkgConfigEnvironment' overwriting 'colcon_pkg_config.environment.pkg_config:PkgConfigEnvironment'
[9.782s] Level 1:colcon.colcon_core.environment:checking '/home/shikur_orin/ros2_ws/src/qr_navigation_2/install/qr_navigation_2' for CMake module files
[9.783s] Level 1:colcon.colcon_core.environment:checking '/home/shikur_orin/ros2_ws/src/qr_navigation_2/install/qr_navigation_2' for CMake config files
[9.784s] Level 1:colcon.colcon_core.environment:checking '/home/shikur_orin/ros2_ws/src/qr_navigation_2/install/qr_navigation_2/lib'
[9.785s] Level 1:colcon.colcon_core.environment:checking '/home/shikur_orin/ros2_ws/src/qr_navigation_2/install/qr_navigation_2/bin'
[9.785s] Level 1:colcon.colcon_core.environment:checking '/home/shikur_orin/ros2_ws/src/qr_navigation_2/install/qr_navigation_2/lib/pkgconfig/qr_navigation_2.pc'
[9.786s] Level 1:colcon.colcon_core.environment:checking '/home/shikur_orin/ros2_ws/src/qr_navigation_2/install/qr_navigation_2/lib/python3.8/site-packages'
[9.786s] Level 1:colcon.colcon_core.shell:create_environment_hook('qr_navigation_2', 'pythonpath')
[9.872s] ERROR:colcon.colcon_core.extension_point:Entry point 'colcon_core.shell.bat' is declared multiple times, 'colcon_core.shell.bat:BatShell' overwriting 'colcon_core.shell.bat:BatShell'
[9.872s] ERROR:colcon.colcon_core.extension_point:Entry point 'colcon_core.shell.dsv' is declared multiple times, 'colcon_core.shell.dsv:DsvShell' overwriting 'colcon_core.shell.dsv:DsvShell'
[9.873s] ERROR:colcon.colcon_core.extension_point:Entry point 'colcon_core.shell.sh' is declared multiple times, 'colcon_core.shell.sh:ShShell' overwriting 'colcon_core.shell.sh:ShShell'
[9.873s] ERROR:colcon.colcon_core.extension_point:Entry point 'colcon_core.shell.bash' is declared multiple times, 'colcon_bash.shell.bash:BashShell' overwriting 'colcon_bash.shell.bash:BashShell'
[9.873s] ERROR:colcon.colcon_core.extension_point:Entry point 'colcon_core.shell.powershell' is declared multiple times, 'colcon_powershell.shell.powershell:PowerShellExtension' overwriting 'colcon_powershell.shell.powershell:PowerShellExtension'
[9.873s] ERROR:colcon.colcon_core.extension_point:Entry point 'colcon_core.shell.zsh' is declared multiple times, 'colcon_zsh.shell.zsh:ZShell' overwriting 'colcon_zsh.shell.zsh:ZShell'
[9.873s] INFO:colcon.colcon_core.shell:Creating environment hook '/home/shikur_orin/ros2_ws/src/qr_navigation_2/install/qr_navigation_2/share/qr_navigation_2/hook/pythonpath.ps1'
[9.875s] INFO:colcon.colcon_core.shell:Creating environment descriptor '/home/shikur_orin/ros2_ws/src/qr_navigation_2/install/qr_navigation_2/share/qr_navigation_2/hook/pythonpath.dsv'
[9.875s] INFO:colcon.colcon_core.shell:Creating environment hook '/home/shikur_orin/ros2_ws/src/qr_navigation_2/install/qr_navigation_2/share/qr_navigation_2/hook/pythonpath.sh'
[9.876s] Level 1:colcon.colcon_core.environment:checking '/home/shikur_orin/ros2_ws/src/qr_navigation_2/install/qr_navigation_2/bin'
[9.876s] Level 1:colcon.colcon_core.environment:create_environment_scripts_only(qr_navigation_2)
[9.962s] ERROR:colcon.colcon_core.extension_point:Entry point 'colcon_core.shell.bat' is declared multiple times, 'colcon_core.shell.bat:BatShell' overwriting 'colcon_core.shell.bat:BatShell'
[9.962s] ERROR:colcon.colcon_core.extension_point:Entry point 'colcon_core.shell.dsv' is declared multiple times, 'colcon_core.shell.dsv:DsvShell' overwriting 'colcon_core.shell.dsv:DsvShell'
[9.962s] ERROR:colcon.colcon_core.extension_point:Entry point 'colcon_core.shell.sh' is declared multiple times, 'colcon_core.shell.sh:ShShell' overwriting 'colcon_core.shell.sh:ShShell'
[9.962s] ERROR:colcon.colcon_core.extension_point:Entry point 'colcon_core.shell.bash' is declared multiple times, 'colcon_bash.shell.bash:BashShell' overwriting 'colcon_bash.shell.bash:BashShell'
[9.962s] ERROR:colcon.colcon_core.extension_point:Entry point 'colcon_core.shell.powershell' is declared multiple times, 'colcon_powershell.shell.powershell:PowerShellExtension' overwriting 'colcon_powershell.shell.powershell:PowerShellExtension'
[9.962s] ERROR:colcon.colcon_core.extension_point:Entry point 'colcon_core.shell.zsh' is declared multiple times, 'colcon_zsh.shell.zsh:ZShell' overwriting 'colcon_zsh.shell.zsh:ZShell'
[9.963s] INFO:colcon.colcon_core.shell:Creating package script '/home/shikur_orin/ros2_ws/src/qr_navigation_2/install/qr_navigation_2/share/qr_navigation_2/package.ps1'
[9.965s] INFO:colcon.colcon_core.shell:Creating package descriptor '/home/shikur_orin/ros2_ws/src/qr_navigation_2/install/qr_navigation_2/share/qr_navigation_2/package.dsv'
[9.966s] INFO:colcon.colcon_core.shell:Creating package script '/home/shikur_orin/ros2_ws/src/qr_navigation_2/install/qr_navigation_2/share/qr_navigation_2/package.sh'
[9.967s] INFO:colcon.colcon_core.shell:Creating package script '/home/shikur_orin/ros2_ws/src/qr_navigation_2/install/qr_navigation_2/share/qr_navigation_2/package.bash'
[9.968s] INFO:colcon.colcon_core.shell:Creating package script '/home/shikur_orin/ros2_ws/src/qr_navigation_2/install/qr_navigation_2/share/qr_navigation_2/package.zsh'
[9.970s] Level 1:colcon.colcon_core.environment:create_file_with_runtime_dependencies(/home/shikur_orin/ros2_ws/src/qr_navigation_2/install/qr_navigation_2/share/colcon-core/packages/qr_navigation_2)
[9.971s] DEBUG:colcon.colcon_parallel_executor.executor.parallel:closing loop
[9.972s] DEBUG:colcon.colcon_parallel_executor.executor.parallel:loop closed
[9.972s] DEBUG:colcon.colcon_parallel_executor.executor.parallel:run_until_complete finished with '0'
[9.972s] DEBUG:colcon.colcon_core.event_reactor:joining thread
[10.069s] ERROR:colcon.colcon_core.extension_point:Entry point 'colcon_notification.desktop_notification.notify2' is declared multiple times, 'colcon_notification.desktop_notification.notify2:Notify2DesktopNotification' overwriting 'colcon_notification.desktop_notification.notify2:Notify2DesktopNotification'
[10.069s] ERROR:colcon.colcon_core.extension_point:Entry point 'colcon_notification.desktop_notification.notify_send' is declared multiple times, 'colcon_notification.desktop_notification.notify_send:NotifySendDesktopNotification' overwriting 'colcon_notification.desktop_notification.notify_send:NotifySendDesktopNotification'
[10.069s] ERROR:colcon.colcon_core.extension_point:Entry point 'colcon_notification.desktop_notification.terminal_notifier' is declared multiple times, 'colcon_notification.desktop_notification.terminal_notifier:TerminalNotifierDesktopNotification' overwriting 'colcon_notification.desktop_notification.terminal_notifier:TerminalNotifierDesktopNotification'
[10.069s] ERROR:colcon.colcon_core.extension_point:Entry point 'colcon_notification.desktop_notification.win32' is declared multiple times, 'colcon_notification.desktop_notification.win32:Win32DesktopNotification' overwriting 'colcon_notification.desktop_notification.win32:Win32DesktopNotification'
[10.080s] INFO:colcon.colcon_core.plugin_system:Skipping extension 'colcon_notification.desktop_notification.terminal_notifier': Not used on non-Darwin systems
[10.080s] INFO:colcon.colcon_core.plugin_system:Skipping extension 'colcon_notification.desktop_notification.win32': Not used on non-Windows systems
[10.080s] INFO:colcon.colcon_notification.desktop_notification:Sending desktop notification using 'notify2'
[10.116s] DEBUG:colcon.colcon_core.event_reactor:joined thread
[10.237s] ERROR:colcon.colcon_core.extension_point:Entry point 'colcon_core.shell.bat' is declared multiple times, 'colcon_core.shell.bat:BatShell' overwriting 'colcon_core.shell.bat:BatShell'
[10.238s] ERROR:colcon.colcon_core.extension_point:Entry point 'colcon_core.shell.dsv' is declared multiple times, 'colcon_core.shell.dsv:DsvShell' overwriting 'colcon_core.shell.dsv:DsvShell'
[10.238s] ERROR:colcon.colcon_core.extension_point:Entry point 'colcon_core.shell.sh' is declared multiple times, 'colcon_core.shell.sh:ShShell' overwriting 'colcon_core.shell.sh:ShShell'
[10.238s] ERROR:colcon.colcon_core.extension_point:Entry point 'colcon_core.shell.bash' is declared multiple times, 'colcon_bash.shell.bash:BashShell' overwriting 'colcon_bash.shell.bash:BashShell'
[10.238s] ERROR:colcon.colcon_core.extension_point:Entry point 'colcon_core.shell.powershell' is declared multiple times, 'colcon_powershell.shell.powershell:PowerShellExtension' overwriting 'colcon_powershell.shell.powershell:PowerShellExtension'
[10.238s] ERROR:colcon.colcon_core.extension_point:Entry point 'colcon_core.shell.zsh' is declared multiple times, 'colcon_zsh.shell.zsh:ZShell' overwriting 'colcon_zsh.shell.zsh:ZShell'
[10.238s] INFO:colcon.colcon_core.shell:Creating prefix script '/home/shikur_orin/ros2_ws/src/qr_navigation_2/install/local_setup.ps1'
[10.240s] INFO:colcon.colcon_core.shell:Creating prefix util module '/home/shikur_orin/ros2_ws/src/qr_navigation_2/install/_local_setup_util_ps1.py'
[10.243s] INFO:colcon.colcon_core.shell:Creating prefix chain script '/home/shikur_orin/ros2_ws/src/qr_navigation_2/install/setup.ps1'
[10.328s] ERROR:colcon.colcon_core.extension_point:Entry point 'colcon_core.prefix_path.colcon' is declared multiple times, 'colcon_core.prefix_path.colcon:ColconPrefixPath' overwriting 'colcon_core.prefix_path.colcon:ColconPrefixPath'
[10.329s] ERROR:colcon.colcon_core.extension_point:Entry point 'colcon_core.prefix_path.ament' is declared multiple times, 'colcon_ros.prefix_path.ament:AmentPrefixPath' overwriting 'colcon_ros.prefix_path.ament:AmentPrefixPath'
[10.329s] ERROR:colcon.colcon_core.extension_point:Entry point 'colcon_core.prefix_path.catkin' is declared multiple times, 'colcon_ros.prefix_path.catkin:CmakePrefixPath' overwriting 'colcon_ros.prefix_path.catkin:CmakePrefixPath'
[10.333s] INFO:colcon.colcon_core.shell:Creating prefix script '/home/shikur_orin/ros2_ws/src/qr_navigation_2/install/local_setup.sh'
[10.334s] INFO:colcon.colcon_core.shell:Creating prefix util module '/home/shikur_orin/ros2_ws/src/qr_navigation_2/install/_local_setup_util_sh.py'
[10.335s] INFO:colcon.colcon_core.shell:Creating prefix chain script '/home/shikur_orin/ros2_ws/src/qr_navigation_2/install/setup.sh'
[10.418s] ERROR:colcon.colcon_core.extension_point:Entry point 'colcon_core.prefix_path.colcon' is declared multiple times, 'colcon_core.prefix_path.colcon:ColconPrefixPath' overwriting 'colcon_core.prefix_path.colcon:ColconPrefixPath'
[10.419s] ERROR:colcon.colcon_core.extension_point:Entry point 'colcon_core.prefix_path.ament' is declared multiple times, 'colcon_ros.prefix_path.ament:AmentPrefixPath' overwriting 'colcon_ros.prefix_path.ament:AmentPrefixPath'
[10.419s] ERROR:colcon.colcon_core.extension_point:Entry point 'colcon_core.prefix_path.catkin' is declared multiple times, 'colcon_ros.prefix_path.catkin:CmakePrefixPath' overwriting 'colcon_ros.prefix_path.catkin:CmakePrefixPath'
[10.423s] INFO:colcon.colcon_core.shell:Creating prefix script '/home/shikur_orin/ros2_ws/src/qr_navigation_2/install/local_setup.bash'
[10.424s] INFO:colcon.colcon_core.shell:Creating prefix chain script '/home/shikur_orin/ros2_ws/src/qr_navigation_2/install/setup.bash'
[10.507s] ERROR:colcon.colcon_core.extension_point:Entry point 'colcon_core.prefix_path.colcon' is declared multiple times, 'colcon_core.prefix_path.colcon:ColconPrefixPath' overwriting 'colcon_core.prefix_path.colcon:ColconPrefixPath'
[10.507s] ERROR:colcon.colcon_core.extension_point:Entry point 'colcon_core.prefix_path.ament' is declared multiple times, 'colcon_ros.prefix_path.ament:AmentPrefixPath' overwriting 'colcon_ros.prefix_path.ament:AmentPrefixPath'
[10.507s] ERROR:colcon.colcon_core.extension_point:Entry point 'colcon_core.prefix_path.catkin' is declared multiple times, 'colcon_ros.prefix_path.catkin:CmakePrefixPath' overwriting 'colcon_ros.prefix_path.catkin:CmakePrefixPath'
[10.511s] INFO:colcon.colcon_core.shell:Creating prefix script '/home/shikur_orin/ros2_ws/src/qr_navigation_2/install/local_setup.zsh'
[10.512s] INFO:colcon.colcon_core.shell:Creating prefix chain script '/home/shikur_orin/ros2_ws/src/qr_navigation_2/install/setup.zsh'
[10.595s] ERROR:colcon.colcon_core.extension_point:Entry point 'colcon_core.prefix_path.colcon' is declared multiple times, 'colcon_core.prefix_path.colcon:ColconPrefixPath' overwriting 'colcon_core.prefix_path.colcon:ColconPrefixPath'
[10.596s] ERROR:colcon.colcon_core.extension_point:Entry point 'colcon_core.prefix_path.ament' is declared multiple times, 'colcon_ros.prefix_path.ament:AmentPrefixPath' overwriting 'colcon_ros.prefix_path.ament:AmentPrefixPath'
[10.596s] ERROR:colcon.colcon_core.extension_point:Entry point 'colcon_core.prefix_path.catkin' is declared multiple times, 'colcon_ros.prefix_path.catkin:CmakePrefixPath' overwriting 'colcon_ros.prefix_path.catkin:CmakePrefixPath'
