[2.367s] Invoking command in '/home/shikur_orin/ros2_ws/src/qr_navigation_2': PYTHONPATH=/home/shikur_orin/ros2_ws/src/qr_navigation_2/build/qr_navigation_2/prefix_override:/home/shikur_orin/ros2_ws/src/qr_navigation_2/install/qr_navigation_2/lib/python3.8/site-packages:${PYTHONPATH} /usr/bin/python3 setup.py egg_info --egg-base build/qr_navigation_2 build --build-base /home/shikur_orin/ros2_ws/src/qr_navigation_2/build/qr_navigation_2/build install --record /home/shikur_orin/ros2_ws/src/qr_navigation_2/build/qr_navigation_2/install.log --install-scripts $base/lib/qr_navigation_2 --single-version-externally-managed
[2.837s] running egg_info
[2.838s] writing build/qr_navigation_2/qr_navigation_2.egg-info/PKG-INFO
[2.839s] writing dependency_links to build/qr_navigation_2/qr_navigation_2.egg-info/dependency_links.txt
[2.839s] writing entry points to build/qr_navigation_2/qr_navigation_2.egg-info/entry_points.txt
[2.840s] writing requirements to build/qr_navigation_2/qr_navigation_2.egg-info/requires.txt
[2.840s] writing top-level names to build/qr_navigation_2/qr_navigation_2.egg-info/top_level.txt
[2.904s] reading manifest file 'build/qr_navigation_2/qr_navigation_2.egg-info/SOURCES.txt'
[2.905s] writing manifest file 'build/qr_navigation_2/qr_navigation_2.egg-info/SOURCES.txt'
[2.906s] running build
[2.906s] running build_py
[2.906s] copying qr_navigation_2/test_qos.py -> /home/shikur_orin/ros2_ws/src/qr_navigation_2/build/qr_navigation_2/build/lib/qr_navigation_2
[2.907s] running install
[2.909s] running install_lib
[2.911s] copying /home/shikur_orin/ros2_ws/src/qr_navigation_2/build/qr_navigation_2/build/lib/qr_navigation_2/test_qos.py -> /home/shikur_orin/ros2_ws/src/qr_navigation_2/install/qr_navigation_2/lib/python3.8/site-packages/qr_navigation_2
[2.912s] byte-compiling /home/shikur_orin/ros2_ws/src/qr_navigation_2/install/qr_navigation_2/lib/python3.8/site-packages/qr_navigation_2/follow_gps.py to follow_gps.cpython-38.pyc
[2.914s] Sorry: TabError: inconsistent use of tabs and spaces in indentation (follow_gps.py, line 23)
[2.915s] byte-compiling /home/shikur_orin/ros2_ws/src/qr_navigation_2/install/qr_navigation_2/lib/python3.8/site-packages/qr_navigation_2/test_qos.py to test_qos.cpython-38.pyc
[2.915s] running install_data
[2.916s] running install_egg_info
[2.920s] removing '/home/shikur_orin/ros2_ws/src/qr_navigation_2/install/qr_navigation_2/lib/python3.8/site-packages/qr_navigation_2-0.0.0-py3.8.egg-info' (and everything under it)
[2.920s] Copying build/qr_navigation_2/qr_navigation_2.egg-info to /home/shikur_orin/ros2_ws/src/qr_navigation_2/install/qr_navigation_2/lib/python3.8/site-packages/qr_navigation_2-0.0.0-py3.8.egg-info
[2.922s] running install_scripts
[2.959s] Installing followGPS script to /home/shikur_orin/ros2_ws/src/qr_navigation_2/install/qr_navigation_2/lib/qr_navigation_2
[2.959s] Installing pub script to /home/shikur_orin/ros2_ws/src/qr_navigation_2/install/qr_navigation_2/lib/qr_navigation_2
[2.959s] Installing qos script to /home/shikur_orin/ros2_ws/src/qr_navigation_2/install/qr_navigation_2/lib/qr_navigation_2
[2.960s] Installing test_gps script to /home/shikur_orin/ros2_ws/src/qr_navigation_2/install/qr_navigation_2/lib/qr_navigation_2
[2.960s] writing list of installed files to '/home/shikur_orin/ros2_ws/src/qr_navigation_2/build/qr_navigation_2/install.log'
[3.016s] Invoked command in '/home/shikur_orin/ros2_ws/src/qr_navigation_2' returned '0': PYTHONPATH=/home/shikur_orin/ros2_ws/src/qr_navigation_2/build/qr_navigation_2/prefix_override:/home/shikur_orin/ros2_ws/src/qr_navigation_2/install/qr_navigation_2/lib/python3.8/site-packages:${PYTHONPATH} /usr/bin/python3 setup.py egg_info --egg-base build/qr_navigation_2 build --build-base /home/shikur_orin/ros2_ws/src/qr_navigation_2/build/qr_navigation_2/build install --record /home/shikur_orin/ros2_ws/src/qr_navigation_2/build/qr_navigation_2/install.log --install-scripts $base/lib/qr_navigation_2 --single-version-externally-managed
