running egg_info
creating build/qr_navigation_2/qr_navigation_2.egg-info
writing build/qr_navigation_2/qr_navigation_2.egg-info/PKG-INFO
writing dependency_links to build/qr_navigation_2/qr_navigation_2.egg-info/dependency_links.txt
writing entry points to build/qr_navigation_2/qr_navigation_2.egg-info/entry_points.txt
writing requirements to build/qr_navigation_2/qr_navigation_2.egg-info/requires.txt
writing top-level names to build/qr_navigation_2/qr_navigation_2.egg-info/top_level.txt
writing manifest file 'build/qr_navigation_2/qr_navigation_2.egg-info/SOURCES.txt'
reading manifest file 'build/qr_navigation_2/qr_navigation_2.egg-info/SOURCES.txt'
writing manifest file 'build/qr_navigation_2/qr_navigation_2.egg-info/SOURCES.txt'
running build
running build_py
creating /home/shikur_orin/ros2_ws/src/qr_navigation_2/build/qr_navigation_2/build
creating /home/shikur_orin/ros2_ws/src/qr_navigation_2/build/qr_navigation_2/build/lib
creating /home/shikur_orin/ros2_ws/src/qr_navigation_2/build/qr_navigation_2/build/lib/qr_navigation_2
copying qr_navigation_2/follow_gps.py -> /home/shikur_orin/ros2_ws/src/qr_navigation_2/build/qr_navigation_2/build/lib/qr_navigation_2
copying qr_navigation_2/test_listener_gps.py -> /home/shikur_orin/ros2_ws/src/qr_navigation_2/build/qr_navigation_2/build/lib/qr_navigation_2
copying qr_navigation_2/__init__.py -> /home/shikur_orin/ros2_ws/src/qr_navigation_2/build/qr_navigation_2/build/lib/qr_navigation_2
copying qr_navigation_2/test_publisher.py -> /home/shikur_orin/ros2_ws/src/qr_navigation_2/build/qr_navigation_2/build/lib/qr_navigation_2
copying qr_navigation_2/test_qos.py -> /home/shikur_orin/ros2_ws/src/qr_navigation_2/build/qr_navigation_2/build/lib/qr_navigation_2
running install
running install_lib
creating /home/shikur_orin/ros2_ws/src/qr_navigation_2/install/qr_navigation_2/lib/python3.8/site-packages/qr_navigation_2
copying /home/shikur_orin/ros2_ws/src/qr_navigation_2/build/qr_navigation_2/build/lib/qr_navigation_2/follow_gps.py -> /home/shikur_orin/ros2_ws/src/qr_navigation_2/install/qr_navigation_2/lib/python3.8/site-packages/qr_navigation_2
copying /home/shikur_orin/ros2_ws/src/qr_navigation_2/build/qr_navigation_2/build/lib/qr_navigation_2/test_listener_gps.py -> /home/shikur_orin/ros2_ws/src/qr_navigation_2/install/qr_navigation_2/lib/python3.8/site-packages/qr_navigation_2
copying /home/shikur_orin/ros2_ws/src/qr_navigation_2/build/qr_navigation_2/build/lib/qr_navigation_2/__init__.py -> /home/shikur_orin/ros2_ws/src/qr_navigation_2/install/qr_navigation_2/lib/python3.8/site-packages/qr_navigation_2
copying /home/shikur_orin/ros2_ws/src/qr_navigation_2/build/qr_navigation_2/build/lib/qr_navigation_2/test_publisher.py -> /home/shikur_orin/ros2_ws/src/qr_navigation_2/install/qr_navigation_2/lib/python3.8/site-packages/qr_navigation_2
copying /home/shikur_orin/ros2_ws/src/qr_navigation_2/build/qr_navigation_2/build/lib/qr_navigation_2/test_qos.py -> /home/shikur_orin/ros2_ws/src/qr_navigation_2/install/qr_navigation_2/lib/python3.8/site-packages/qr_navigation_2
byte-compiling /home/shikur_orin/ros2_ws/src/qr_navigation_2/install/qr_navigation_2/lib/python3.8/site-packages/qr_navigation_2/follow_gps.py to follow_gps.cpython-38.pyc
Sorry: TabError: inconsistent use of tabs and spaces in indentation (follow_gps.py, line 23)
byte-compiling /home/shikur_orin/ros2_ws/src/qr_navigation_2/install/qr_navigation_2/lib/python3.8/site-packages/qr_navigation_2/test_listener_gps.py to test_listener_gps.cpython-38.pyc
byte-compiling /home/shikur_orin/ros2_ws/src/qr_navigation_2/install/qr_navigation_2/lib/python3.8/site-packages/qr_navigation_2/__init__.py to __init__.cpython-38.pyc
byte-compiling /home/shikur_orin/ros2_ws/src/qr_navigation_2/install/qr_navigation_2/lib/python3.8/site-packages/qr_navigation_2/test_publisher.py to test_publisher.cpython-38.pyc
byte-compiling /home/shikur_orin/ros2_ws/src/qr_navigation_2/install/qr_navigation_2/lib/python3.8/site-packages/qr_navigation_2/test_qos.py to test_qos.cpython-38.pyc
running install_data
Sorry: TabError: inconsistent use of tabs and spaces in indentation (test_qos.py, line 20)
creating /home/shikur_orin/ros2_ws/src/qr_navigation_2/install/qr_navigation_2/share/ament_index
creating /home/shikur_orin/ros2_ws/src/qr_navigation_2/install/qr_navigation_2/share/ament_index/resource_index
creating /home/shikur_orin/ros2_ws/src/qr_navigation_2/install/qr_navigation_2/share/ament_index/resource_index/packages
copying resource/qr_navigation_2 -> /home/shikur_orin/ros2_ws/src/qr_navigation_2/install/qr_navigation_2/share/ament_index/resource_index/packages
copying package.xml -> /home/shikur_orin/ros2_ws/src/qr_navigation_2/install/qr_navigation_2/share/qr_navigation_2
running install_egg_info
Copying build/qr_navigation_2/qr_navigation_2.egg-info to /home/shikur_orin/ros2_ws/src/qr_navigation_2/install/qr_navigation_2/lib/python3.8/site-packages/qr_navigation_2-0.0.0-py3.8.egg-info
running install_scripts
Installing followGPS script to /home/shikur_orin/ros2_ws/src/qr_navigation_2/install/qr_navigation_2/lib/qr_navigation_2
Installing pub script to /home/shikur_orin/ros2_ws/src/qr_navigation_2/install/qr_navigation_2/lib/qr_navigation_2
Installing qos script to /home/shikur_orin/ros2_ws/src/qr_navigation_2/install/qr_navigation_2/lib/qr_navigation_2
Installing test_gps script to /home/shikur_orin/ros2_ws/src/qr_navigation_2/install/qr_navigation_2/lib/qr_navigation_2
writing list of installed files to '/home/shikur_orin/ros2_ws/src/qr_navigation_2/build/qr_navigation_2/install.log'
