[2.183s] Invoking command in '/home/shikur_orin/ros2_ws/src/qr_navigation_2': PYTHONPATH=/home/shikur_orin/ros2_ws/src/qr_navigation_2/build/qr_navigation_2/prefix_override:/home/shikur_orin/ros2_ws/src/qr_navigation_2/install/qr_navigation_2/lib/python3.8/site-packages:${PYTHONPATH} /usr/bin/python3 setup.py egg_info --egg-base build/qr_navigation_2 build --build-base /home/shikur_orin/ros2_ws/src/qr_navigation_2/build/qr_navigation_2/build install --record /home/shikur_orin/ros2_ws/src/qr_navigation_2/build/qr_navigation_2/install.log --install-scripts $base/lib/qr_navigation_2 --single-version-externally-managed
[2.640s] running egg_info
[2.641s] creating build/qr_navigation_2/qr_navigation_2.egg-info
[2.642s] writing build/qr_navigation_2/qr_navigation_2.egg-info/PKG-INFO
[2.642s] writing dependency_links to build/qr_navigation_2/qr_navigation_2.egg-info/dependency_links.txt
[2.643s] writing entry points to build/qr_navigation_2/qr_navigation_2.egg-info/entry_points.txt
[2.643s] writing requirements to build/qr_navigation_2/qr_navigation_2.egg-info/requires.txt
[2.643s] writing top-level names to build/qr_navigation_2/qr_navigation_2.egg-info/top_level.txt
[2.646s] writing manifest file 'build/qr_navigation_2/qr_navigation_2.egg-info/SOURCES.txt'
[2.706s] reading manifest file 'build/qr_navigation_2/qr_navigation_2.egg-info/SOURCES.txt'
[2.707s] writing manifest file 'build/qr_navigation_2/qr_navigation_2.egg-info/SOURCES.txt'
[2.708s] running build
[2.708s] running build_py
[2.709s] creating /home/shikur_orin/ros2_ws/src/qr_navigation_2/build/qr_navigation_2/build
[2.709s] creating /home/shikur_orin/ros2_ws/src/qr_navigation_2/build/qr_navigation_2/build/lib
[2.709s] creating /home/shikur_orin/ros2_ws/src/qr_navigation_2/build/qr_navigation_2/build/lib/qr_navigation_2
[2.709s] copying qr_navigation_2/follow_gps.py -> /home/shikur_orin/ros2_ws/src/qr_navigation_2/build/qr_navigation_2/build/lib/qr_navigation_2
[2.710s] copying qr_navigation_2/test_listener_gps.py -> /home/shikur_orin/ros2_ws/src/qr_navigation_2/build/qr_navigation_2/build/lib/qr_navigation_2
[2.710s] copying qr_navigation_2/__init__.py -> /home/shikur_orin/ros2_ws/src/qr_navigation_2/build/qr_navigation_2/build/lib/qr_navigation_2
[2.710s] copying qr_navigation_2/test_publisher.py -> /home/shikur_orin/ros2_ws/src/qr_navigation_2/build/qr_navigation_2/build/lib/qr_navigation_2
[2.711s] copying qr_navigation_2/test_qos.py -> /home/shikur_orin/ros2_ws/src/qr_navigation_2/build/qr_navigation_2/build/lib/qr_navigation_2
[2.711s] running install
[2.711s] running install_lib
[2.713s] creating /home/shikur_orin/ros2_ws/src/qr_navigation_2/install/qr_navigation_2/lib/python3.8/site-packages/qr_navigation_2
[2.714s] copying /home/shikur_orin/ros2_ws/src/qr_navigation_2/build/qr_navigation_2/build/lib/qr_navigation_2/follow_gps.py -> /home/shikur_orin/ros2_ws/src/qr_navigation_2/install/qr_navigation_2/lib/python3.8/site-packages/qr_navigation_2
[2.714s] copying /home/shikur_orin/ros2_ws/src/qr_navigation_2/build/qr_navigation_2/build/lib/qr_navigation_2/test_listener_gps.py -> /home/shikur_orin/ros2_ws/src/qr_navigation_2/install/qr_navigation_2/lib/python3.8/site-packages/qr_navigation_2
[2.714s] copying /home/shikur_orin/ros2_ws/src/qr_navigation_2/build/qr_navigation_2/build/lib/qr_navigation_2/__init__.py -> /home/shikur_orin/ros2_ws/src/qr_navigation_2/install/qr_navigation_2/lib/python3.8/site-packages/qr_navigation_2
[2.715s] copying /home/shikur_orin/ros2_ws/src/qr_navigation_2/build/qr_navigation_2/build/lib/qr_navigation_2/test_publisher.py -> /home/shikur_orin/ros2_ws/src/qr_navigation_2/install/qr_navigation_2/lib/python3.8/site-packages/qr_navigation_2
[2.715s] copying /home/shikur_orin/ros2_ws/src/qr_navigation_2/build/qr_navigation_2/build/lib/qr_navigation_2/test_qos.py -> /home/shikur_orin/ros2_ws/src/qr_navigation_2/install/qr_navigation_2/lib/python3.8/site-packages/qr_navigation_2
[2.715s] byte-compiling /home/shikur_orin/ros2_ws/src/qr_navigation_2/install/qr_navigation_2/lib/python3.8/site-packages/qr_navigation_2/follow_gps.py to follow_gps.cpython-38.pyc
[2.718s] Sorry: TabError: inconsistent use of tabs and spaces in indentation (follow_gps.py, line 23)
[2.718s] byte-compiling /home/shikur_orin/ros2_ws/src/qr_navigation_2/install/qr_navigation_2/lib/python3.8/site-packages/qr_navigation_2/test_listener_gps.py to test_listener_gps.cpython-38.pyc
[2.719s] byte-compiling /home/shikur_orin/ros2_ws/src/qr_navigation_2/install/qr_navigation_2/lib/python3.8/site-packages/qr_navigation_2/__init__.py to __init__.cpython-38.pyc
[2.719s] byte-compiling /home/shikur_orin/ros2_ws/src/qr_navigation_2/install/qr_navigation_2/lib/python3.8/site-packages/qr_navigation_2/test_publisher.py to test_publisher.cpython-38.pyc
[2.720s] byte-compiling /home/shikur_orin/ros2_ws/src/qr_navigation_2/install/qr_navigation_2/lib/python3.8/site-packages/qr_navigation_2/test_qos.py to test_qos.cpython-38.pyc
[2.720s] running install_data
[2.720s] Sorry: TabError: inconsistent use of tabs and spaces in indentation (test_qos.py, line 20)
[2.721s] creating /home/shikur_orin/ros2_ws/src/qr_navigation_2/install/qr_navigation_2/share/ament_index
[2.721s] creating /home/shikur_orin/ros2_ws/src/qr_navigation_2/install/qr_navigation_2/share/ament_index/resource_index
[2.721s] creating /home/shikur_orin/ros2_ws/src/qr_navigation_2/install/qr_navigation_2/share/ament_index/resource_index/packages
[2.721s] copying resource/qr_navigation_2 -> /home/shikur_orin/ros2_ws/src/qr_navigation_2/install/qr_navigation_2/share/ament_index/resource_index/packages
[2.722s] copying package.xml -> /home/shikur_orin/ros2_ws/src/qr_navigation_2/install/qr_navigation_2/share/qr_navigation_2
[2.722s] running install_egg_info
[2.725s] Copying build/qr_navigation_2/qr_navigation_2.egg-info to /home/shikur_orin/ros2_ws/src/qr_navigation_2/install/qr_navigation_2/lib/python3.8/site-packages/qr_navigation_2-0.0.0-py3.8.egg-info
[2.727s] running install_scripts
[2.763s] Installing followGPS script to /home/shikur_orin/ros2_ws/src/qr_navigation_2/install/qr_navigation_2/lib/qr_navigation_2
[2.763s] Installing pub script to /home/shikur_orin/ros2_ws/src/qr_navigation_2/install/qr_navigation_2/lib/qr_navigation_2
[2.764s] Installing qos script to /home/shikur_orin/ros2_ws/src/qr_navigation_2/install/qr_navigation_2/lib/qr_navigation_2
[2.764s] Installing test_gps script to /home/shikur_orin/ros2_ws/src/qr_navigation_2/install/qr_navigation_2/lib/qr_navigation_2
[2.764s] writing list of installed files to '/home/shikur_orin/ros2_ws/src/qr_navigation_2/build/qr_navigation_2/install.log'
[2.817s] Invoked command in '/home/shikur_orin/ros2_ws/src/qr_navigation_2' returned '0': PYTHONPATH=/home/shikur_orin/ros2_ws/src/qr_navigation_2/build/qr_navigation_2/prefix_override:/home/shikur_orin/ros2_ws/src/qr_navigation_2/install/qr_navigation_2/lib/python3.8/site-packages:${PYTHONPATH} /usr/bin/python3 setup.py egg_info --egg-base build/qr_navigation_2 build --build-base /home/shikur_orin/ros2_ws/src/qr_navigation_2/build/qr_navigation_2/build install --record /home/shikur_orin/ros2_ws/src/qr_navigation_2/build/qr_navigation_2/install.log --install-scripts $base/lib/qr_navigation_2 --single-version-externally-managed
