[2.459s] Invoking command in '/home/shikur_orin/ros2_ws/src/qr_navigation_2': PYTHONPATH=/home/shikur_orin/ros2_ws/src/qr_navigation_2/build/qr_navigation_2/prefix_override:/home/shikur_orin/ros2_ws/src/qr_navigation_2/install/qr_navigation_2/lib/python3.8/site-packages:${PYTHONPATH} /usr/bin/python3 setup.py egg_info --egg-base build/qr_navigation_2 build --build-base /home/shikur_orin/ros2_ws/src/qr_navigation_2/build/qr_navigation_2/build install --record /home/shikur_orin/ros2_ws/src/qr_navigation_2/build/qr_navigation_2/install.log --install-scripts $base/lib/qr_navigation_2 --single-version-externally-managed
[2.967s] running egg_info
[2.968s] creating build/qr_navigation_2/qr_navigation_2.egg-info
[2.969s] writing build/qr_navigation_2/qr_navigation_2.egg-info/PKG-INFO
[2.969s] writing dependency_links to build/qr_navigation_2/qr_navigation_2.egg-info/dependency_links.txt
[2.970s] writing entry points to build/qr_navigation_2/qr_navigation_2.egg-info/entry_points.txt
[2.970s] writing requirements to build/qr_navigation_2/qr_navigation_2.egg-info/requires.txt
[2.970s] writing top-level names to build/qr_navigation_2/qr_navigation_2.egg-info/top_level.txt
[2.974s] writing manifest file 'build/qr_navigation_2/qr_navigation_2.egg-info/SOURCES.txt'
[3.036s] reading manifest file 'build/qr_navigation_2/qr_navigation_2.egg-info/SOURCES.txt'
[3.038s] writing manifest file 'build/qr_navigation_2/qr_navigation_2.egg-info/SOURCES.txt'
[3.038s] running build
[3.039s] running build_py
[3.039s] creating /home/shikur_orin/ros2_ws/src/qr_navigation_2/build/qr_navigation_2/build
[3.040s] creating /home/shikur_orin/ros2_ws/src/qr_navigation_2/build/qr_navigation_2/build/lib
[3.040s] creating /home/shikur_orin/ros2_ws/src/qr_navigation_2/build/qr_navigation_2/build/lib/qr_navigation_2
[3.040s] copying qr_navigation_2/node_controller.py -> /home/shikur_orin/ros2_ws/src/qr_navigation_2/build/qr_navigation_2/build/lib/qr_navigation_2
[3.041s] copying qr_navigation_2/target.py -> /home/shikur_orin/ros2_ws/src/qr_navigation_2/build/qr_navigation_2/build/lib/qr_navigation_2
[3.041s] copying qr_navigation_2/follow_gps.py -> /home/shikur_orin/ros2_ws/src/qr_navigation_2/build/qr_navigation_2/build/lib/qr_navigation_2
[3.041s] copying qr_navigation_2/calibration.py -> /home/shikur_orin/ros2_ws/src/qr_navigation_2/build/qr_navigation_2/build/lib/qr_navigation_2
[3.042s] copying qr_navigation_2/intermediary_web.py -> /home/shikur_orin/ros2_ws/src/qr_navigation_2/build/qr_navigation_2/build/lib/qr_navigation_2
[3.042s] copying qr_navigation_2/pyzedar.py -> /home/shikur_orin/ros2_ws/src/qr_navigation_2/build/qr_navigation_2/build/lib/qr_navigation_2
[3.042s] copying qr_navigation_2/test_listener_gps.py -> /home/shikur_orin/ros2_ws/src/qr_navigation_2/build/qr_navigation_2/build/lib/qr_navigation_2
[3.043s] copying qr_navigation_2/orange_ros2.py -> /home/shikur_orin/ros2_ws/src/qr_navigation_2/build/qr_navigation_2/build/lib/qr_navigation_2
[3.043s] copying qr_navigation_2/__init__.py -> /home/shikur_orin/ros2_ws/src/qr_navigation_2/build/qr_navigation_2/build/lib/qr_navigation_2
[3.043s] copying qr_navigation_2/node_detection.py -> /home/shikur_orin/ros2_ws/src/qr_navigation_2/build/qr_navigation_2/build/lib/qr_navigation_2
[3.044s] copying qr_navigation_2/bottle_detection_test.py -> /home/shikur_orin/ros2_ws/src/qr_navigation_2/build/qr_navigation_2/build/lib/qr_navigation_2
[3.044s] copying qr_navigation_2/center_and_approach_test.py -> /home/shikur_orin/ros2_ws/src/qr_navigation_2/build/qr_navigation_2/build/lib/qr_navigation_2
[3.044s] copying qr_navigation_2/obstacle_evasion_test2.py -> /home/shikur_orin/ros2_ws/src/qr_navigation_2/build/qr_navigation_2/build/lib/qr_navigation_2
[3.045s] copying qr_navigation_2/deteccion.py -> /home/shikur_orin/ros2_ws/src/qr_navigation_2/build/qr_navigation_2/build/lib/qr_navigation_2
[3.045s] copying qr_navigation_2/arucoZed.py -> /home/shikur_orin/ros2_ws/src/qr_navigation_2/build/qr_navigation_2/build/lib/qr_navigation_2
[3.045s] copying qr_navigation_2/fake_web.py -> /home/shikur_orin/ros2_ws/src/qr_navigation_2/build/qr_navigation_2/build/lib/qr_navigation_2
[3.046s] copying qr_navigation_2/test_center_orange.py -> /home/shikur_orin/ros2_ws/src/qr_navigation_2/build/qr_navigation_2/build/lib/qr_navigation_2
[3.046s] copying qr_navigation_2/obstacle_evasion_test.py -> /home/shikur_orin/ros2_ws/src/qr_navigation_2/build/qr_navigation_2/build/lib/qr_navigation_2
[3.047s] copying qr_navigation_2/search_routine.py -> /home/shikur_orin/ros2_ws/src/qr_navigation_2/build/qr_navigation_2/build/lib/qr_navigation_2
[3.047s] copying qr_navigation_2/arucoTest.py -> /home/shikur_orin/ros2_ws/src/qr_navigation_2/build/qr_navigation_2/build/lib/qr_navigation_2
[3.047s] copying qr_navigation_2/orange_detection_test.py -> /home/shikur_orin/ros2_ws/src/qr_navigation_2/build/qr_navigation_2/build/lib/qr_navigation_2
[3.047s] copying qr_navigation_2/test_publisher.py -> /home/shikur_orin/ros2_ws/src/qr_navigation_2/build/qr_navigation_2/build/lib/qr_navigation_2
[3.047s] copying qr_navigation_2/distance_orange.py -> /home/shikur_orin/ros2_ws/src/qr_navigation_2/build/qr_navigation_2/build/lib/qr_navigation_2
[3.047s] copying qr_navigation_2/test_center2.py -> /home/shikur_orin/ros2_ws/src/qr_navigation_2/build/qr_navigation_2/build/lib/qr_navigation_2
[3.048s] copying qr_navigation_2/tempCodeRunnerFile.py -> /home/shikur_orin/ros2_ws/src/qr_navigation_2/build/qr_navigation_2/build/lib/qr_navigation_2
[3.048s] copying qr_navigation_2/bottle_detection.py -> /home/shikur_orin/ros2_ws/src/qr_navigation_2/build/qr_navigation_2/build/lib/qr_navigation_2
[3.048s] copying qr_navigation_2/test_qos.py -> /home/shikur_orin/ros2_ws/src/qr_navigation_2/build/qr_navigation_2/build/lib/qr_navigation_2
[3.048s] copying qr_navigation_2/test_imu.py -> /home/shikur_orin/ros2_ws/src/qr_navigation_2/build/qr_navigation_2/build/lib/qr_navigation_2
[3.048s] copying qr_navigation_2/test_subscriber.py -> /home/shikur_orin/ros2_ws/src/qr_navigation_2/build/qr_navigation_2/build/lib/qr_navigation_2
[3.048s] copying qr_navigation_2/followgps3.py -> /home/shikur_orin/ros2_ws/src/qr_navigation_2/build/qr_navigation_2/build/lib/qr_navigation_2
[3.048s] copying qr_navigation_2/follow_gps2.py -> /home/shikur_orin/ros2_ws/src/qr_navigation_2/build/qr_navigation_2/build/lib/qr_navigation_2
[3.049s] creating /home/shikur_orin/ros2_ws/src/qr_navigation_2/build/qr_navigation_2/build/lib/qr_navigation_2/submodules
[3.049s] copying qr_navigation_2/submodules/alvinxy.py -> /home/shikur_orin/ros2_ws/src/qr_navigation_2/build/qr_navigation_2/build/lib/qr_navigation_2/submodules
[3.049s] copying qr_navigation_2/submodules/__init__.py -> /home/shikur_orin/ros2_ws/src/qr_navigation_2/build/qr_navigation_2/build/lib/qr_navigation_2/submodules
[3.049s] copying qr_navigation_2/submodules/constants.py -> /home/shikur_orin/ros2_ws/src/qr_navigation_2/build/qr_navigation_2/build/lib/qr_navigation_2/submodules
[3.049s] running install
[3.051s] running install_lib
[3.053s] creating /home/shikur_orin/ros2_ws/src/qr_navigation_2/install/qr_navigation_2/lib/python3.8/site-packages/qr_navigation_2
[3.053s] copying /home/shikur_orin/ros2_ws/src/qr_navigation_2/build/qr_navigation_2/build/lib/qr_navigation_2/node_controller.py -> /home/shikur_orin/ros2_ws/src/qr_navigation_2/install/qr_navigation_2/lib/python3.8/site-packages/qr_navigation_2
[3.054s] copying /home/shikur_orin/ros2_ws/src/qr_navigation_2/build/qr_navigation_2/build/lib/qr_navigation_2/target.py -> /home/shikur_orin/ros2_ws/src/qr_navigation_2/install/qr_navigation_2/lib/python3.8/site-packages/qr_navigation_2
[3.054s] copying /home/shikur_orin/ros2_ws/src/qr_navigation_2/build/qr_navigation_2/build/lib/qr_navigation_2/follow_gps.py -> /home/shikur_orin/ros2_ws/src/qr_navigation_2/install/qr_navigation_2/lib/python3.8/site-packages/qr_navigation_2
[3.054s] copying /home/shikur_orin/ros2_ws/src/qr_navigation_2/build/qr_navigation_2/build/lib/qr_navigation_2/calibration.py -> /home/shikur_orin/ros2_ws/src/qr_navigation_2/install/qr_navigation_2/lib/python3.8/site-packages/qr_navigation_2
[3.055s] copying /home/shikur_orin/ros2_ws/src/qr_navigation_2/build/qr_navigation_2/build/lib/qr_navigation_2/intermediary_web.py -> /home/shikur_orin/ros2_ws/src/qr_navigation_2/install/qr_navigation_2/lib/python3.8/site-packages/qr_navigation_2
[3.055s] copying /home/shikur_orin/ros2_ws/src/qr_navigation_2/build/qr_navigation_2/build/lib/qr_navigation_2/pyzedar.py -> /home/shikur_orin/ros2_ws/src/qr_navigation_2/install/qr_navigation_2/lib/python3.8/site-packages/qr_navigation_2
[3.055s] copying /home/shikur_orin/ros2_ws/src/qr_navigation_2/build/qr_navigation_2/build/lib/qr_navigation_2/test_listener_gps.py -> /home/shikur_orin/ros2_ws/src/qr_navigation_2/install/qr_navigation_2/lib/python3.8/site-packages/qr_navigation_2
[3.056s] copying /home/shikur_orin/ros2_ws/src/qr_navigation_2/build/qr_navigation_2/build/lib/qr_navigation_2/orange_ros2.py -> /home/shikur_orin/ros2_ws/src/qr_navigation_2/install/qr_navigation_2/lib/python3.8/site-packages/qr_navigation_2
[3.056s] copying /home/shikur_orin/ros2_ws/src/qr_navigation_2/build/qr_navigation_2/build/lib/qr_navigation_2/__init__.py -> /home/shikur_orin/ros2_ws/src/qr_navigation_2/install/qr_navigation_2/lib/python3.8/site-packages/qr_navigation_2
[3.056s] copying /home/shikur_orin/ros2_ws/src/qr_navigation_2/build/qr_navigation_2/build/lib/qr_navigation_2/node_detection.py -> /home/shikur_orin/ros2_ws/src/qr_navigation_2/install/qr_navigation_2/lib/python3.8/site-packages/qr_navigation_2
[3.056s] copying /home/shikur_orin/ros2_ws/src/qr_navigation_2/build/qr_navigation_2/build/lib/qr_navigation_2/bottle_detection_test.py -> /home/shikur_orin/ros2_ws/src/qr_navigation_2/install/qr_navigation_2/lib/python3.8/site-packages/qr_navigation_2
[3.056s] copying /home/shikur_orin/ros2_ws/src/qr_navigation_2/build/qr_navigation_2/build/lib/qr_navigation_2/center_and_approach_test.py -> /home/shikur_orin/ros2_ws/src/qr_navigation_2/install/qr_navigation_2/lib/python3.8/site-packages/qr_navigation_2
[3.057s] copying /home/shikur_orin/ros2_ws/src/qr_navigation_2/build/qr_navigation_2/build/lib/qr_navigation_2/obstacle_evasion_test2.py -> /home/shikur_orin/ros2_ws/src/qr_navigation_2/install/qr_navigation_2/lib/python3.8/site-packages/qr_navigation_2
[3.057s] copying /home/shikur_orin/ros2_ws/src/qr_navigation_2/build/qr_navigation_2/build/lib/qr_navigation_2/deteccion.py -> /home/shikur_orin/ros2_ws/src/qr_navigation_2/install/qr_navigation_2/lib/python3.8/site-packages/qr_navigation_2
[3.057s] copying /home/shikur_orin/ros2_ws/src/qr_navigation_2/build/qr_navigation_2/build/lib/qr_navigation_2/arucoZed.py -> /home/shikur_orin/ros2_ws/src/qr_navigation_2/install/qr_navigation_2/lib/python3.8/site-packages/qr_navigation_2
[3.057s] copying /home/shikur_orin/ros2_ws/src/qr_navigation_2/build/qr_navigation_2/build/lib/qr_navigation_2/fake_web.py -> /home/shikur_orin/ros2_ws/src/qr_navigation_2/install/qr_navigation_2/lib/python3.8/site-packages/qr_navigation_2
[3.057s] copying /home/shikur_orin/ros2_ws/src/qr_navigation_2/build/qr_navigation_2/build/lib/qr_navigation_2/test_center_orange.py -> /home/shikur_orin/ros2_ws/src/qr_navigation_2/install/qr_navigation_2/lib/python3.8/site-packages/qr_navigation_2
[3.057s] copying /home/shikur_orin/ros2_ws/src/qr_navigation_2/build/qr_navigation_2/build/lib/qr_navigation_2/obstacle_evasion_test.py -> /home/shikur_orin/ros2_ws/src/qr_navigation_2/install/qr_navigation_2/lib/python3.8/site-packages/qr_navigation_2
[3.058s] copying /home/shikur_orin/ros2_ws/src/qr_navigation_2/build/qr_navigation_2/build/lib/qr_navigation_2/search_routine.py -> /home/shikur_orin/ros2_ws/src/qr_navigation_2/install/qr_navigation_2/lib/python3.8/site-packages/qr_navigation_2
[3.058s] copying /home/shikur_orin/ros2_ws/src/qr_navigation_2/build/qr_navigation_2/build/lib/qr_navigation_2/arucoTest.py -> /home/shikur_orin/ros2_ws/src/qr_navigation_2/install/qr_navigation_2/lib/python3.8/site-packages/qr_navigation_2
[3.058s] creating /home/shikur_orin/ros2_ws/src/qr_navigation_2/install/qr_navigation_2/lib/python3.8/site-packages/qr_navigation_2/submodules
[3.059s] copying /home/shikur_orin/ros2_ws/src/qr_navigation_2/build/qr_navigation_2/build/lib/qr_navigation_2/submodules/alvinxy.py -> /home/shikur_orin/ros2_ws/src/qr_navigation_2/install/qr_navigation_2/lib/python3.8/site-packages/qr_navigation_2/submodules
[3.059s] copying /home/shikur_orin/ros2_ws/src/qr_navigation_2/build/qr_navigation_2/build/lib/qr_navigation_2/submodules/__init__.py -> /home/shikur_orin/ros2_ws/src/qr_navigation_2/install/qr_navigation_2/lib/python3.8/site-packages/qr_navigation_2/submodules
[3.059s] copying /home/shikur_orin/ros2_ws/src/qr_navigation_2/build/qr_navigation_2/build/lib/qr_navigation_2/submodules/constants.py -> /home/shikur_orin/ros2_ws/src/qr_navigation_2/install/qr_navigation_2/lib/python3.8/site-packages/qr_navigation_2/submodules
[3.060s] copying /home/shikur_orin/ros2_ws/src/qr_navigation_2/build/qr_navigation_2/build/lib/qr_navigation_2/orange_detection_test.py -> /home/shikur_orin/ros2_ws/src/qr_navigation_2/install/qr_navigation_2/lib/python3.8/site-packages/qr_navigation_2
[3.060s] copying /home/shikur_orin/ros2_ws/src/qr_navigation_2/build/qr_navigation_2/build/lib/qr_navigation_2/test_publisher.py -> /home/shikur_orin/ros2_ws/src/qr_navigation_2/install/qr_navigation_2/lib/python3.8/site-packages/qr_navigation_2
[3.060s] copying /home/shikur_orin/ros2_ws/src/qr_navigation_2/build/qr_navigation_2/build/lib/qr_navigation_2/distance_orange.py -> /home/shikur_orin/ros2_ws/src/qr_navigation_2/install/qr_navigation_2/lib/python3.8/site-packages/qr_navigation_2
[3.061s] copying /home/shikur_orin/ros2_ws/src/qr_navigation_2/build/qr_navigation_2/build/lib/qr_navigation_2/test_center2.py -> /home/shikur_orin/ros2_ws/src/qr_navigation_2/install/qr_navigation_2/lib/python3.8/site-packages/qr_navigation_2
[3.061s] copying /home/shikur_orin/ros2_ws/src/qr_navigation_2/build/qr_navigation_2/build/lib/qr_navigation_2/tempCodeRunnerFile.py -> /home/shikur_orin/ros2_ws/src/qr_navigation_2/install/qr_navigation_2/lib/python3.8/site-packages/qr_navigation_2
[3.061s] copying /home/shikur_orin/ros2_ws/src/qr_navigation_2/build/qr_navigation_2/build/lib/qr_navigation_2/bottle_detection.py -> /home/shikur_orin/ros2_ws/src/qr_navigation_2/install/qr_navigation_2/lib/python3.8/site-packages/qr_navigation_2
[3.061s] copying /home/shikur_orin/ros2_ws/src/qr_navigation_2/build/qr_navigation_2/build/lib/qr_navigation_2/test_qos.py -> /home/shikur_orin/ros2_ws/src/qr_navigation_2/install/qr_navigation_2/lib/python3.8/site-packages/qr_navigation_2
[3.061s] copying /home/shikur_orin/ros2_ws/src/qr_navigation_2/build/qr_navigation_2/build/lib/qr_navigation_2/test_imu.py -> /home/shikur_orin/ros2_ws/src/qr_navigation_2/install/qr_navigation_2/lib/python3.8/site-packages/qr_navigation_2
[3.061s] copying /home/shikur_orin/ros2_ws/src/qr_navigation_2/build/qr_navigation_2/build/lib/qr_navigation_2/test_subscriber.py -> /home/shikur_orin/ros2_ws/src/qr_navigation_2/install/qr_navigation_2/lib/python3.8/site-packages/qr_navigation_2
[3.061s] copying /home/shikur_orin/ros2_ws/src/qr_navigation_2/build/qr_navigation_2/build/lib/qr_navigation_2/followgps3.py -> /home/shikur_orin/ros2_ws/src/qr_navigation_2/install/qr_navigation_2/lib/python3.8/site-packages/qr_navigation_2
[3.062s] copying /home/shikur_orin/ros2_ws/src/qr_navigation_2/build/qr_navigation_2/build/lib/qr_navigation_2/follow_gps2.py -> /home/shikur_orin/ros2_ws/src/qr_navigation_2/install/qr_navigation_2/lib/python3.8/site-packages/qr_navigation_2
[3.062s] byte-compiling /home/shikur_orin/ros2_ws/src/qr_navigation_2/install/qr_navigation_2/lib/python3.8/site-packages/qr_navigation_2/node_controller.py to node_controller.cpython-38.pyc
[3.066s] byte-compiling /home/shikur_orin/ros2_ws/src/qr_navigation_2/install/qr_navigation_2/lib/python3.8/site-packages/qr_navigation_2/target.py to target.cpython-38.pyc
[3.067s] byte-compiling /home/shikur_orin/ros2_ws/src/qr_navigation_2/install/qr_navigation_2/lib/python3.8/site-packages/qr_navigation_2/follow_gps.py to follow_gps.cpython-38.pyc
[3.069s] byte-compiling /home/shikur_orin/ros2_ws/src/qr_navigation_2/install/qr_navigation_2/lib/python3.8/site-packages/qr_navigation_2/calibration.py to calibration.cpython-38.pyc
[3.070s] byte-compiling /home/shikur_orin/ros2_ws/src/qr_navigation_2/install/qr_navigation_2/lib/python3.8/site-packages/qr_navigation_2/intermediary_web.py to intermediary_web.cpython-38.pyc
[3.071s] byte-compiling /home/shikur_orin/ros2_ws/src/qr_navigation_2/install/qr_navigation_2/lib/python3.8/site-packages/qr_navigation_2/pyzedar.py to pyzedar.cpython-38.pyc
[3.072s] byte-compiling /home/shikur_orin/ros2_ws/src/qr_navigation_2/install/qr_navigation_2/lib/python3.8/site-packages/qr_navigation_2/test_listener_gps.py to test_listener_gps.cpython-38.pyc
[3.073s] byte-compiling /home/shikur_orin/ros2_ws/src/qr_navigation_2/install/qr_navigation_2/lib/python3.8/site-packages/qr_navigation_2/orange_ros2.py to orange_ros2.cpython-38.pyc
[3.075s] byte-compiling /home/shikur_orin/ros2_ws/src/qr_navigation_2/install/qr_navigation_2/lib/python3.8/site-packages/qr_navigation_2/__init__.py to __init__.cpython-38.pyc
[3.076s] byte-compiling /home/shikur_orin/ros2_ws/src/qr_navigation_2/install/qr_navigation_2/lib/python3.8/site-packages/qr_navigation_2/node_detection.py to node_detection.cpython-38.pyc
[3.082s] byte-compiling /home/shikur_orin/ros2_ws/src/qr_navigation_2/install/qr_navigation_2/lib/python3.8/site-packages/qr_navigation_2/bottle_detection_test.py to bottle_detection_test.cpython-38.pyc
[3.085s] byte-compiling /home/shikur_orin/ros2_ws/src/qr_navigation_2/install/qr_navigation_2/lib/python3.8/site-packages/qr_navigation_2/center_and_approach_test.py to center_and_approach_test.cpython-38.pyc
[3.086s] byte-compiling /home/shikur_orin/ros2_ws/src/qr_navigation_2/install/qr_navigation_2/lib/python3.8/site-packages/qr_navigation_2/obstacle_evasion_test2.py to obstacle_evasion_test2.cpython-38.pyc
[3.087s] byte-compiling /home/shikur_orin/ros2_ws/src/qr_navigation_2/install/qr_navigation_2/lib/python3.8/site-packages/qr_navigation_2/deteccion.py to deteccion.cpython-38.pyc
[3.090s] byte-compiling /home/shikur_orin/ros2_ws/src/qr_navigation_2/install/qr_navigation_2/lib/python3.8/site-packages/qr_navigation_2/arucoZed.py to arucoZed.cpython-38.pyc
[3.091s] byte-compiling /home/shikur_orin/ros2_ws/src/qr_navigation_2/install/qr_navigation_2/lib/python3.8/site-packages/qr_navigation_2/fake_web.py to fake_web.cpython-38.pyc
[3.092s] byte-compiling /home/shikur_orin/ros2_ws/src/qr_navigation_2/install/qr_navigation_2/lib/python3.8/site-packages/qr_navigation_2/test_center_orange.py to test_center_orange.cpython-38.pyc
[3.093s] byte-compiling /home/shikur_orin/ros2_ws/src/qr_navigation_2/install/qr_navigation_2/lib/python3.8/site-packages/qr_navigation_2/obstacle_evasion_test.py to obstacle_evasion_test.cpython-38.pyc
[3.093s] byte-compiling /home/shikur_orin/ros2_ws/src/qr_navigation_2/install/qr_navigation_2/lib/python3.8/site-packages/qr_navigation_2/search_routine.py to search_routine.cpython-38.pyc
[3.095s] byte-compiling /home/shikur_orin/ros2_ws/src/qr_navigation_2/install/qr_navigation_2/lib/python3.8/site-packages/qr_navigation_2/arucoTest.py to arucoTest.cpython-38.pyc
[3.096s] byte-compiling /home/shikur_orin/ros2_ws/src/qr_navigation_2/install/qr_navigation_2/lib/python3.8/site-packages/qr_navigation_2/submodules/alvinxy.py to alvinxy.cpython-38.pyc
[3.097s] byte-compiling /home/shikur_orin/ros2_ws/src/qr_navigation_2/install/qr_navigation_2/lib/python3.8/site-packages/qr_navigation_2/submodules/__init__.py to __init__.cpython-38.pyc
[3.097s] byte-compiling /home/shikur_orin/ros2_ws/src/qr_navigation_2/install/qr_navigation_2/lib/python3.8/site-packages/qr_navigation_2/submodules/constants.py to constants.cpython-38.pyc
[3.097s] byte-compiling /home/shikur_orin/ros2_ws/src/qr_navigation_2/install/qr_navigation_2/lib/python3.8/site-packages/qr_navigation_2/orange_detection_test.py to orange_detection_test.cpython-38.pyc
[3.099s] byte-compiling /home/shikur_orin/ros2_ws/src/qr_navigation_2/install/qr_navigation_2/lib/python3.8/site-packages/qr_navigation_2/test_publisher.py to test_publisher.cpython-38.pyc
[3.099s] byte-compiling /home/shikur_orin/ros2_ws/src/qr_navigation_2/install/qr_navigation_2/lib/python3.8/site-packages/qr_navigation_2/distance_orange.py to distance_orange.cpython-38.pyc
[3.101s] byte-compiling /home/shikur_orin/ros2_ws/src/qr_navigation_2/install/qr_navigation_2/lib/python3.8/site-packages/qr_navigation_2/test_center2.py to test_center2.cpython-38.pyc
[3.102s] byte-compiling /home/shikur_orin/ros2_ws/src/qr_navigation_2/install/qr_navigation_2/lib/python3.8/site-packages/qr_navigation_2/tempCodeRunnerFile.py to tempCodeRunnerFile.cpython-38.pyc
[3.102s] byte-compiling /home/shikur_orin/ros2_ws/src/qr_navigation_2/install/qr_navigation_2/lib/python3.8/site-packages/qr_navigation_2/bottle_detection.py to bottle_detection.cpython-38.pyc
[3.105s] byte-compiling /home/shikur_orin/ros2_ws/src/qr_navigation_2/install/qr_navigation_2/lib/python3.8/site-packages/qr_navigation_2/test_qos.py to test_qos.cpython-38.pyc
[3.106s] byte-compiling /home/shikur_orin/ros2_ws/src/qr_navigation_2/install/qr_navigation_2/lib/python3.8/site-packages/qr_navigation_2/test_imu.py to test_imu.cpython-38.pyc
[3.107s] byte-compiling /home/shikur_orin/ros2_ws/src/qr_navigation_2/install/qr_navigation_2/lib/python3.8/site-packages/qr_navigation_2/test_subscriber.py to test_subscriber.cpython-38.pyc
[3.107s] byte-compiling /home/shikur_orin/ros2_ws/src/qr_navigation_2/install/qr_navigation_2/lib/python3.8/site-packages/qr_navigation_2/followgps3.py to followgps3.cpython-38.pyc
[3.109s] byte-compiling /home/shikur_orin/ros2_ws/src/qr_navigation_2/install/qr_navigation_2/lib/python3.8/site-packages/qr_navigation_2/follow_gps2.py to follow_gps2.cpython-38.pyc
[3.112s] running install_data
[3.113s] creating /home/shikur_orin/ros2_ws/src/qr_navigation_2/install/qr_navigation_2/share/ament_index
[3.113s] creating /home/shikur_orin/ros2_ws/src/qr_navigation_2/install/qr_navigation_2/share/ament_index/resource_index
[3.114s] creating /home/shikur_orin/ros2_ws/src/qr_navigation_2/install/qr_navigation_2/share/ament_index/resource_index/packages
[3.114s] copying resource/qr_navigation_2 -> /home/shikur_orin/ros2_ws/src/qr_navigation_2/install/qr_navigation_2/share/ament_index/resource_index/packages
[3.114s] copying package.xml -> /home/shikur_orin/ros2_ws/src/qr_navigation_2/install/qr_navigation_2/share/qr_navigation_2
[3.114s] running install_egg_info
[3.118s] Copying build/qr_navigation_2/qr_navigation_2.egg-info to /home/shikur_orin/ros2_ws/src/qr_navigation_2/install/qr_navigation_2/lib/python3.8/site-packages/qr_navigation_2-0.0.0-py3.8.egg-info
[3.120s] running install_scripts
[3.155s] Installing bottle script to /home/shikur_orin/ros2_ws/src/qr_navigation_2/install/qr_navigation_2/lib/qr_navigation_2
[3.156s] Installing bottle_ros2 script to /home/shikur_orin/ros2_ws/src/qr_navigation_2/install/qr_navigation_2/lib/qr_navigation_2
[3.156s] Installing center_approach script to /home/shikur_orin/ros2_ws/src/qr_navigation_2/install/qr_navigation_2/lib/qr_navigation_2
[3.156s] Installing controller script to /home/shikur_orin/ros2_ws/src/qr_navigation_2/install/qr_navigation_2/lib/qr_navigation_2
[3.156s] Installing deteccion script to /home/shikur_orin/ros2_ws/src/qr_navigation_2/install/qr_navigation_2/lib/qr_navigation_2
[3.156s] Installing followGPS script to /home/shikur_orin/ros2_ws/src/qr_navigation_2/install/qr_navigation_2/lib/qr_navigation_2
[3.156s] Installing imu script to /home/shikur_orin/ros2_ws/src/qr_navigation_2/install/qr_navigation_2/lib/qr_navigation_2
[3.157s] Installing node_detection_ros2 script to /home/shikur_orin/ros2_ws/src/qr_navigation_2/install/qr_navigation_2/lib/qr_navigation_2
[3.157s] Installing orange_detection script to /home/shikur_orin/ros2_ws/src/qr_navigation_2/install/qr_navigation_2/lib/qr_navigation_2
[3.157s] Installing pub script to /home/shikur_orin/ros2_ws/src/qr_navigation_2/install/qr_navigation_2/lib/qr_navigation_2
[3.157s] Installing qos script to /home/shikur_orin/ros2_ws/src/qr_navigation_2/install/qr_navigation_2/lib/qr_navigation_2
[3.158s] Installing sus script to /home/shikur_orin/ros2_ws/src/qr_navigation_2/install/qr_navigation_2/lib/qr_navigation_2
[3.158s] Installing test_gps script to /home/shikur_orin/ros2_ws/src/qr_navigation_2/install/qr_navigation_2/lib/qr_navigation_2
[3.158s] Installing web script to /home/shikur_orin/ros2_ws/src/qr_navigation_2/install/qr_navigation_2/lib/qr_navigation_2
[3.159s] Installing web_inter script to /home/shikur_orin/ros2_ws/src/qr_navigation_2/install/qr_navigation_2/lib/qr_navigation_2
[3.160s] writing list of installed files to '/home/shikur_orin/ros2_ws/src/qr_navigation_2/build/qr_navigation_2/install.log'
[3.214s] Invoked command in '/home/shikur_orin/ros2_ws/src/qr_navigation_2' returned '0': PYTHONPATH=/home/shikur_orin/ros2_ws/src/qr_navigation_2/build/qr_navigation_2/prefix_override:/home/shikur_orin/ros2_ws/src/qr_navigation_2/install/qr_navigation_2/lib/python3.8/site-packages:${PYTHONPATH} /usr/bin/python3 setup.py egg_info --egg-base build/qr_navigation_2 build --build-base /home/shikur_orin/ros2_ws/src/qr_navigation_2/build/qr_navigation_2/build install --record /home/shikur_orin/ros2_ws/src/qr_navigation_2/build/qr_navigation_2/install.log --install-scripts $base/lib/qr_navigation_2 --single-version-externally-managed
